[2016-08-24 00:03:38] WebLinks.INFO: Matched route "home". {"route_parameters":{"_controller":"WebLinks\\Controller\\HomeController::indexAction","_route":"home"},"request_uri":"http://localhost:8888/test/coursOC/OC-WebLinks-master/web/"} []
[2016-08-24 00:03:38] WebLinks.INFO: Populated the TokenStorage with an anonymous Token. [] []
[2016-08-24 00:03:38] WebLinks.INFO: > GET /test/coursOC/OC-WebLinks-master/web/ [] []
[2016-08-24 00:03:38] WebLinks.INFO: < 200 [] []
[2016-08-24 00:03:39] WebLinks.INFO: Matched route "_wdt". {"route_parameters":{"_controller":"web_profiler.controller.profiler:toolbarAction","token":"a2cf54","_route":"_wdt"},"request_uri":"http://localhost:8888/test/coursOC/OC-WebLinks-master/web/_profiler/wdt/a2cf54"} []
[2016-08-24 00:03:39] WebLinks.INFO: Populated the TokenStorage with an anonymous Token. [] []
[2016-08-24 00:03:39] WebLinks.INFO: > GET /test/coursOC/OC-WebLinks-master/web/_profiler/wdt/a2cf54 [] []
[2016-08-24 00:03:40] WebLinks.INFO: < 200 [] []
[2016-08-24 00:03:42] WebLinks.INFO: Matched route "api_links". {"route_parameters":{"_controller":"WebLinks\\Controller\\ApiController::getLinksAction","_route":"api_links"},"request_uri":"http://localhost:8888/test/coursOC/OC-WebLinks-master/web/api/links"} []
[2016-08-24 00:03:42] WebLinks.INFO: Populated the TokenStorage with an anonymous Token. [] []
[2016-08-24 00:03:42] WebLinks.INFO: > GET /test/coursOC/OC-WebLinks-master/web/api/links [] []
[2016-08-24 00:03:42] WebLinks.INFO: < 200 [] []
[2016-08-24 00:03:47] WebLinks.INFO: Matched route "api_link". {"route_parameters":{"_controller":"WebLinks\\Controller\\ApiController::getLinkAction","id":"2","_route":"api_link"},"request_uri":"http://localhost:8888/test/coursOC/OC-WebLinks-master/web/api/link/2"} []
[2016-08-24 00:03:47] WebLinks.INFO: Populated the TokenStorage with an anonymous Token. [] []
[2016-08-24 00:03:47] WebLinks.INFO: > GET /test/coursOC/OC-WebLinks-master/web/api/link/2 [] []
[2016-08-24 00:03:47] WebLinks.CRITICAL: Exception: No user matching id 2 (uncaught exception) at /Users/ismail/sites/test/coursOC/OC-WebLinks-master/src/DAO/LinkDAO.php line 23 {"exception":"[object] (Exception(code: 0): No user matching id 2 at /Users/ismail/sites/test/coursOC/OC-WebLinks-master/src/DAO/LinkDAO.php:23)"} []
[2016-08-24 00:03:47] WebLinks.INFO: < 500 [] []
[2016-08-24 00:03:47] WebLinks.INFO: Matched route "_wdt". {"route_parameters":{"_controller":"web_profiler.controller.profiler:toolbarAction","token":"b4a28d","_route":"_wdt"},"request_uri":"http://localhost:8888/test/coursOC/OC-WebLinks-master/web/_profiler/wdt/b4a28d"} []
[2016-08-24 00:03:47] WebLinks.INFO: Populated the TokenStorage with an anonymous Token. [] []
[2016-08-24 00:03:47] WebLinks.INFO: > GET /test/coursOC/OC-WebLinks-master/web/_profiler/wdt/b4a28d [] []
[2016-08-24 00:03:48] WebLinks.INFO: < 200 [] []
[2016-08-24 00:04:36] WebLinks.INFO: Matched route "api_link". {"route_parameters":{"_controller":"WebLinks\\Controller\\ApiController::getLinkAction","id":"2","_route":"api_link"},"request_uri":"http://localhost:8888/test/coursOC/OC-WebLinks-master/web/api/link/2"} []
[2016-08-24 00:04:36] WebLinks.INFO: Populated the TokenStorage with an anonymous Token. [] []
[2016-08-24 00:04:36] WebLinks.INFO: > GET /test/coursOC/OC-WebLinks-master/web/api/link/2 [] []
[2016-08-24 00:04:36] WebLinks.CRITICAL: Exception: No Link matching id 2 (uncaught exception) at /Users/ismail/sites/test/coursOC/OC-WebLinks-master/src/DAO/LinkDAO.php line 23 {"exception":"[object] (Exception(code: 0): No Link matching id 2 at /Users/ismail/sites/test/coursOC/OC-WebLinks-master/src/DAO/LinkDAO.php:23)"} []
[2016-08-24 00:04:36] WebLinks.INFO: < 500 [] []
[2016-08-24 00:04:37] WebLinks.INFO: Matched route "_wdt". {"route_parameters":{"_controller":"web_profiler.controller.profiler:toolbarAction","token":"54740b","_route":"_wdt"},"request_uri":"http://localhost:8888/test/coursOC/OC-WebLinks-master/web/_profiler/wdt/54740b"} []
[2016-08-24 00:04:37] WebLinks.INFO: Populated the TokenStorage with an anonymous Token. [] []
[2016-08-24 00:04:37] WebLinks.INFO: > GET /test/coursOC/OC-WebLinks-master/web/_profiler/wdt/54740b [] []
[2016-08-24 00:04:38] WebLinks.INFO: < 200 [] []
[2016-08-24 00:04:39] WebLinks.INFO: Matched route "api_link". {"route_parameters":{"_controller":"WebLinks\\Controller\\ApiController::getLinkAction","id":"3","_route":"api_link"},"request_uri":"http://localhost:8888/test/coursOC/OC-WebLinks-master/web/api/link/3"} []
[2016-08-24 00:04:39] WebLinks.INFO: Populated the TokenStorage with an anonymous Token. [] []
[2016-08-24 00:04:39] WebLinks.INFO: > GET /test/coursOC/OC-WebLinks-master/web/api/link/3 [] []
[2016-08-24 00:04:39] WebLinks.INFO: < 200 [] []
[2016-08-24 00:04:47] WebLinks.INFO: Matched route "submit". {"route_parameters":{"_controller":"WebLinks\\Controller\\HomeController::addLinkAction","_route":"submit"},"request_uri":"http://localhost:8888/test/coursOC/OC-WebLinks-master/web/link/submit"} []
[2016-08-24 00:04:47] WebLinks.INFO: Populated the TokenStorage with an anonymous Token. [] []
[2016-08-24 00:04:47] WebLinks.INFO: > GET /test/coursOC/OC-WebLinks-master/web/link/submit [] []
[2016-08-24 00:04:48] WebLinks.INFO: < 200 [] []
[2016-08-24 00:04:48] WebLinks.INFO: Matched route "_wdt". {"route_parameters":{"_controller":"web_profiler.controller.profiler:toolbarAction","token":"24c7da","_route":"_wdt"},"request_uri":"http://localhost:8888/test/coursOC/OC-WebLinks-master/web/_profiler/wdt/24c7da"} []
[2016-08-24 00:04:48] WebLinks.INFO: Populated the TokenStorage with an anonymous Token. [] []
[2016-08-24 00:04:48] WebLinks.INFO: > GET /test/coursOC/OC-WebLinks-master/web/_profiler/wdt/24c7da [] []
[2016-08-24 00:04:49] WebLinks.INFO: < 200 [] []
[2016-08-24 00:04:50] WebLinks.INFO: Matched route "login". {"route_parameters":{"_controller":"WebLinks\\Controller\\HomeController::loginAction","_route":"login"},"request_uri":"http://localhost:8888/test/coursOC/OC-WebLinks-master/web/login"} []
[2016-08-24 00:04:50] WebLinks.INFO: Populated the TokenStorage with an anonymous Token. [] []
[2016-08-24 00:04:50] WebLinks.INFO: > GET /test/coursOC/OC-WebLinks-master/web/login [] []
[2016-08-24 00:04:50] WebLinks.INFO: < 200 [] []
[2016-08-24 00:04:51] WebLinks.INFO: Matched route "_wdt". {"route_parameters":{"_controller":"web_profiler.controller.profiler:toolbarAction","token":"eca557","_route":"_wdt"},"request_uri":"http://localhost:8888/test/coursOC/OC-WebLinks-master/web/_profiler/wdt/eca557"} []
[2016-08-24 00:04:51] WebLinks.INFO: Populated the TokenStorage with an anonymous Token. [] []
[2016-08-24 00:04:51] WebLinks.INFO: > GET /test/coursOC/OC-WebLinks-master/web/_profiler/wdt/eca557 [] []
[2016-08-24 00:04:52] WebLinks.INFO: < 200 [] []
[2016-08-24 00:05:02] WebLinks.INFO: Matched route "login_check". {"route_parameters":{"_controller":null,"_route":"login_check"},"request_uri":"http://localhost:8888/test/coursOC/OC-WebLinks-master/web/login_check"} []
[2016-08-24 00:05:02] WebLinks.INFO: User has been authenticated successfully. {"username":"smaine"} []
[2016-08-24 00:05:02] WebLinks.INFO: < 302 http://localhost:8888/test/coursOC/OC-WebLinks-master/web/ [] []
[2016-08-24 00:05:02] WebLinks.INFO: Matched route "home". {"route_parameters":{"_controller":"WebLinks\\Controller\\HomeController::indexAction","_route":"home"},"request_uri":"http://localhost:8888/test/coursOC/OC-WebLinks-master/web/"} []
[2016-08-24 00:05:02] WebLinks.INFO: > GET /test/coursOC/OC-WebLinks-master/web/ [] []
[2016-08-24 00:05:02] WebLinks.INFO: < 200 [] []
[2016-08-24 00:05:02] WebLinks.INFO: Matched route "_wdt". {"route_parameters":{"_controller":"web_profiler.controller.profiler:toolbarAction","token":"a5ccb7","_route":"_wdt"},"request_uri":"http://localhost:8888/test/coursOC/OC-WebLinks-master/web/_profiler/wdt/a5ccb7"} []
[2016-08-24 00:05:02] WebLinks.INFO: > GET /test/coursOC/OC-WebLinks-master/web/_profiler/wdt/a5ccb7 [] []
[2016-08-24 00:05:03] WebLinks.INFO: < 200 [] []
[2016-08-24 00:05:06] WebLinks.INFO: Matched route "admin". {"route_parameters":{"_controller":"WebLinks\\Controller\\AdminController::indexAction","_route":"admin"},"request_uri":"http://localhost:8888/test/coursOC/OC-WebLinks-master/web/admin"} []
[2016-08-24 00:05:06] WebLinks.INFO: > GET /test/coursOC/OC-WebLinks-master/web/admin [] []
[2016-08-24 00:05:06] WebLinks.INFO: < 200 [] []
[2016-08-24 00:05:06] WebLinks.INFO: Matched route "_wdt". {"route_parameters":{"_controller":"web_profiler.controller.profiler:toolbarAction","token":"053cb3","_route":"_wdt"},"request_uri":"http://localhost:8888/test/coursOC/OC-WebLinks-master/web/_profiler/wdt/053cb3"} []
[2016-08-24 00:05:06] WebLinks.INFO: > GET /test/coursOC/OC-WebLinks-master/web/_profiler/wdt/053cb3 [] []
[2016-08-24 00:05:07] WebLinks.INFO: < 200 [] []
[2016-08-24 00:05:10] WebLinks.INFO: Matched route "admin_link_submit". {"route_parameters":{"_controller":"WebLinks\\Controller\\AdminController::addLinkAction","_route":"admin_link_submit"},"request_uri":"http://localhost:8888/test/coursOC/OC-WebLinks-master/web/admin/link/submit"} []
[2016-08-24 00:05:10] WebLinks.INFO: > GET /test/coursOC/OC-WebLinks-master/web/admin/link/submit [] []
[2016-08-24 00:05:10] WebLinks.CRITICAL: Twig_Error_Loader: Template "link_form.html.twig" is not defined (). (uncaught exception) at /Users/ismail/sites/test/coursOC/OC-WebLinks-master/vendor/twig/twig/lib/Twig/Loader/Chain.php line 115 {"exception":"[object] (Twig_Error_Loader(code: 0): Template \"link_form.html.twig\" is not defined (). at /Users/ismail/sites/test/coursOC/OC-WebLinks-master/vendor/twig/twig/lib/Twig/Loader/Chain.php:115)"} []
[2016-08-24 00:05:10] WebLinks.INFO: < 500 [] []
[2016-08-24 00:05:10] WebLinks.INFO: Matched route "_wdt". {"route_parameters":{"_controller":"web_profiler.controller.profiler:toolbarAction","token":"05a3b8","_route":"_wdt"},"request_uri":"http://localhost:8888/test/coursOC/OC-WebLinks-master/web/_profiler/wdt/05a3b8"} []
[2016-08-24 00:05:11] WebLinks.INFO: > GET /test/coursOC/OC-WebLinks-master/web/_profiler/wdt/05a3b8 [] []
[2016-08-24 00:05:12] WebLinks.INFO: < 200 [] []
[2016-08-24 00:06:27] WebLinks.INFO: Matched route "admin_link_submit". {"route_parameters":{"_controller":"WebLinks\\Controller\\AdminController::addLinkAction","_route":"admin_link_submit"},"request_uri":"http://localhost:8888/test/coursOC/OC-WebLinks-master/web/admin/link/submit"} []
[2016-08-24 00:06:27] WebLinks.INFO: > GET /test/coursOC/OC-WebLinks-master/web/admin/link/submit [] []
[2016-08-24 00:06:27] WebLinks.CRITICAL: Twig_Error_Loader: Template "link_form.html.twig" is not defined (). (uncaught exception) at /Users/ismail/sites/test/coursOC/OC-WebLinks-master/vendor/twig/twig/lib/Twig/Loader/Chain.php line 115 {"exception":"[object] (Twig_Error_Loader(code: 0): Template \"link_form.html.twig\" is not defined (). at /Users/ismail/sites/test/coursOC/OC-WebLinks-master/vendor/twig/twig/lib/Twig/Loader/Chain.php:115)"} []
[2016-08-24 00:06:27] WebLinks.INFO: < 500 [] []
[2016-08-24 00:06:27] WebLinks.INFO: Matched route "_wdt". {"route_parameters":{"_controller":"web_profiler.controller.profiler:toolbarAction","token":"86735d","_route":"_wdt"},"request_uri":"http://localhost:8888/test/coursOC/OC-WebLinks-master/web/_profiler/wdt/86735d"} []
[2016-08-24 00:06:27] WebLinks.INFO: > GET /test/coursOC/OC-WebLinks-master/web/_profiler/wdt/86735d [] []
[2016-08-24 00:06:29] WebLinks.INFO: < 200 [] []
[2016-08-24 00:06:40] WebLinks.INFO: Matched route "admin". {"route_parameters":{"_controller":"WebLinks\\Controller\\AdminController::indexAction","_route":"admin"},"request_uri":"http://localhost:8888/test/coursOC/OC-WebLinks-master/web/admin"} []
[2016-08-24 00:06:40] WebLinks.INFO: > GET /test/coursOC/OC-WebLinks-master/web/admin [] []
[2016-08-24 00:06:40] WebLinks.INFO: < 200 [] []
[2016-08-24 00:06:40] WebLinks.INFO: Matched route "_wdt". {"route_parameters":{"_controller":"web_profiler.controller.profiler:toolbarAction","token":"e92ba3","_route":"_wdt"},"request_uri":"http://localhost:8888/test/coursOC/OC-WebLinks-master/web/_profiler/wdt/e92ba3"} []
[2016-08-24 00:06:40] WebLinks.INFO: > GET /test/coursOC/OC-WebLinks-master/web/_profiler/wdt/e92ba3 [] []
[2016-08-24 00:06:41] WebLinks.INFO: < 200 [] []
[2016-08-24 00:06:42] WebLinks.INFO: Matched route "submit". {"route_parameters":{"_controller":"WebLinks\\Controller\\HomeController::addLinkAction","_route":"submit"},"request_uri":"http://localhost:8888/test/coursOC/OC-WebLinks-master/web/link/submit"} []
[2016-08-24 00:06:42] WebLinks.INFO: > GET /test/coursOC/OC-WebLinks-master/web/link/submit [] []
[2016-08-24 00:06:42] WebLinks.INFO: < 200 [] []
[2016-08-24 00:06:42] WebLinks.INFO: Matched route "_wdt". {"route_parameters":{"_controller":"web_profiler.controller.profiler:toolbarAction","token":"d0726f","_route":"_wdt"},"request_uri":"http://localhost:8888/test/coursOC/OC-WebLinks-master/web/_profiler/wdt/d0726f"} []
[2016-08-24 00:06:42] WebLinks.INFO: > GET /test/coursOC/OC-WebLinks-master/web/_profiler/wdt/d0726f [] []
[2016-08-24 00:06:44] WebLinks.INFO: < 200 [] []
[2016-08-24 00:06:49] WebLinks.INFO: Matched route "admin". {"route_parameters":{"_controller":"WebLinks\\Controller\\AdminController::indexAction","_route":"admin"},"request_uri":"http://localhost:8888/test/coursOC/OC-WebLinks-master/web/admin"} []
[2016-08-24 00:06:49] WebLinks.INFO: > GET /test/coursOC/OC-WebLinks-master/web/admin [] []
[2016-08-24 00:06:49] WebLinks.INFO: < 200 [] []
[2016-08-24 00:06:50] WebLinks.INFO: Matched route "_wdt". {"route_parameters":{"_controller":"web_profiler.controller.profiler:toolbarAction","token":"e47dcf","_route":"_wdt"},"request_uri":"http://localhost:8888/test/coursOC/OC-WebLinks-master/web/_profiler/wdt/e47dcf"} []
[2016-08-24 00:06:50] WebLinks.INFO: > GET /test/coursOC/OC-WebLinks-master/web/_profiler/wdt/e47dcf [] []
[2016-08-24 00:06:51] WebLinks.INFO: < 200 [] []
[2016-08-24 00:06:53] WebLinks.INFO: Matched route "admin_user_add". {"route_parameters":{"_controller":"WebLinks\\Controller\\AdminController::addUserAction","_route":"admin_user_add"},"request_uri":"http://localhost:8888/test/coursOC/OC-WebLinks-master/web/admin/user/add"} []
[2016-08-24 00:06:53] WebLinks.INFO: > GET /test/coursOC/OC-WebLinks-master/web/admin/user/add [] []
[2016-08-24 00:06:53] WebLinks.INFO: < 200 [] []
[2016-08-24 00:06:54] WebLinks.INFO: Matched route "_wdt". {"route_parameters":{"_controller":"web_profiler.controller.profiler:toolbarAction","token":"16109f","_route":"_wdt"},"request_uri":"http://localhost:8888/test/coursOC/OC-WebLinks-master/web/_profiler/wdt/16109f"} []
[2016-08-24 00:06:54] WebLinks.INFO: > GET /test/coursOC/OC-WebLinks-master/web/_profiler/wdt/16109f [] []
[2016-08-24 00:06:55] WebLinks.INFO: < 200 [] []
[2016-08-24 00:07:09] WebLinks.INFO: Matched route "admin_user_add". {"route_parameters":{"_controller":"WebLinks\\Controller\\AdminController::addUserAction","_route":"admin_user_add"},"request_uri":"http://localhost:8888/test/coursOC/OC-WebLinks-master/web/admin/user/add"} []
[2016-08-24 00:07:09] WebLinks.INFO: > POST /test/coursOC/OC-WebLinks-master/web/admin/user/add [] []
[2016-08-24 00:07:10] WebLinks.INFO: < 200 [] []
[2016-08-24 00:07:10] WebLinks.INFO: Matched route "_wdt". {"route_parameters":{"_controller":"web_profiler.controller.profiler:toolbarAction","token":"11a86e","_route":"_wdt"},"request_uri":"http://localhost:8888/test/coursOC/OC-WebLinks-master/web/_profiler/wdt/11a86e"} []
[2016-08-24 00:07:10] WebLinks.INFO: > GET /test/coursOC/OC-WebLinks-master/web/_profiler/wdt/11a86e [] []
[2016-08-24 00:07:11] WebLinks.INFO: < 200 [] []
[2016-08-24 00:07:13] WebLinks.INFO: Matched route "logout". {"route_parameters":{"_controller":null,"_route":"logout"},"request_uri":"http://localhost:8888/test/coursOC/OC-WebLinks-master/web/logout"} []
[2016-08-24 00:07:13] WebLinks.INFO: < 302 http://localhost:8888/test/coursOC/OC-WebLinks-master/web/ [] []
[2016-08-24 00:07:13] WebLinks.INFO: Matched route "home". {"route_parameters":{"_controller":"WebLinks\\Controller\\HomeController::indexAction","_route":"home"},"request_uri":"http://localhost:8888/test/coursOC/OC-WebLinks-master/web/"} []
[2016-08-24 00:07:13] WebLinks.INFO: Populated the TokenStorage with an anonymous Token. [] []
[2016-08-24 00:07:13] WebLinks.INFO: > GET /test/coursOC/OC-WebLinks-master/web/ [] []
[2016-08-24 00:07:13] WebLinks.INFO: < 200 [] []
[2016-08-24 00:07:13] WebLinks.INFO: Matched route "_wdt". {"route_parameters":{"_controller":"web_profiler.controller.profiler:toolbarAction","token":"2305fa","_route":"_wdt"},"request_uri":"http://localhost:8888/test/coursOC/OC-WebLinks-master/web/_profiler/wdt/2305fa"} []
[2016-08-24 00:07:13] WebLinks.INFO: Populated the TokenStorage with an anonymous Token. [] []
[2016-08-24 00:07:13] WebLinks.INFO: > GET /test/coursOC/OC-WebLinks-master/web/_profiler/wdt/2305fa [] []
[2016-08-24 00:07:14] WebLinks.INFO: < 200 [] []
[2016-08-24 00:07:15] WebLinks.INFO: Matched route "login". {"route_parameters":{"_controller":"WebLinks\\Controller\\HomeController::loginAction","_route":"login"},"request_uri":"http://localhost:8888/test/coursOC/OC-WebLinks-master/web/login"} []
[2016-08-24 00:07:15] WebLinks.INFO: Populated the TokenStorage with an anonymous Token. [] []
[2016-08-24 00:07:15] WebLinks.INFO: > GET /test/coursOC/OC-WebLinks-master/web/login [] []
[2016-08-24 00:07:16] WebLinks.INFO: < 200 [] []
[2016-08-24 00:07:16] WebLinks.INFO: Matched route "_wdt". {"route_parameters":{"_controller":"web_profiler.controller.profiler:toolbarAction","token":"ca9a14","_route":"_wdt"},"request_uri":"http://localhost:8888/test/coursOC/OC-WebLinks-master/web/_profiler/wdt/ca9a14"} []
[2016-08-24 00:07:16] WebLinks.INFO: Populated the TokenStorage with an anonymous Token. [] []
[2016-08-24 00:07:16] WebLinks.INFO: > GET /test/coursOC/OC-WebLinks-master/web/_profiler/wdt/ca9a14 [] []
[2016-08-24 00:07:17] WebLinks.INFO: < 200 [] []
[2016-08-24 00:07:23] WebLinks.INFO: Matched route "login_check". {"route_parameters":{"_controller":null,"_route":"login_check"},"request_uri":"http://localhost:8888/test/coursOC/OC-WebLinks-master/web/login_check"} []
[2016-08-24 00:07:23] WebLinks.INFO: User has been authenticated successfully. {"username":"azer"} []
[2016-08-24 00:07:23] WebLinks.INFO: < 302 http://localhost:8888/test/coursOC/OC-WebLinks-master/web/ [] []
[2016-08-24 00:07:23] WebLinks.INFO: Matched route "home". {"route_parameters":{"_controller":"WebLinks\\Controller\\HomeController::indexAction","_route":"home"},"request_uri":"http://localhost:8888/test/coursOC/OC-WebLinks-master/web/"} []
[2016-08-24 00:07:23] WebLinks.INFO: > GET /test/coursOC/OC-WebLinks-master/web/ [] []
[2016-08-24 00:07:23] WebLinks.INFO: < 200 [] []
[2016-08-24 00:07:23] WebLinks.INFO: Matched route "_wdt". {"route_parameters":{"_controller":"web_profiler.controller.profiler:toolbarAction","token":"ea3eb1","_route":"_wdt"},"request_uri":"http://localhost:8888/test/coursOC/OC-WebLinks-master/web/_profiler/wdt/ea3eb1"} []
[2016-08-24 00:07:23] WebLinks.INFO: > GET /test/coursOC/OC-WebLinks-master/web/_profiler/wdt/ea3eb1 [] []
[2016-08-24 00:07:24] WebLinks.INFO: < 200 [] []
[2016-08-24 00:07:29] WebLinks.INFO: Matched route "admin". {"route_parameters":{"_controller":"WebLinks\\Controller\\AdminController::indexAction","_route":"admin"},"request_uri":"http://localhost:8888/test/coursOC/OC-WebLinks-master/web/admin"} []
[2016-08-24 00:07:29] WebLinks.ERROR: Symfony\Component\HttpKernel\Exception\AccessDeniedHttpException: Access Denied. (uncaught exception) at /Users/ismail/sites/test/coursOC/OC-WebLinks-master/vendor/symfony/security/Http/Firewall/ExceptionListener.php line 119 {"exception":"[object] (Symfony\\Component\\HttpKernel\\Exception\\AccessDeniedHttpException(code: 0): Access Denied. at /Users/ismail/sites/test/coursOC/OC-WebLinks-master/vendor/symfony/security/Http/Firewall/ExceptionListener.php:119, Symfony\\Component\\Security\\Core\\Exception\\AccessDeniedException(code: 403): Access Denied. at /Users/ismail/sites/test/coursOC/OC-WebLinks-master/vendor/symfony/security/Http/Firewall/AccessListener.php:70)"} []
[2016-08-24 00:07:29] WebLinks.INFO: < 403 [] []
[2016-08-24 00:07:29] WebLinks.INFO: Matched route "_wdt". {"route_parameters":{"_controller":"web_profiler.controller.profiler:toolbarAction","token":"ffad06","_route":"_wdt"},"request_uri":"http://localhost:8888/test/coursOC/OC-WebLinks-master/web/_profiler/wdt/ffad06"} []
[2016-08-24 00:07:29] WebLinks.INFO: > GET /test/coursOC/OC-WebLinks-master/web/_profiler/wdt/ffad06 [] []
[2016-08-24 00:07:30] WebLinks.INFO: < 200 [] []
[2016-08-24 00:11:15] WebLinks.INFO: Matched route "submit". {"route_parameters":{"_controller":"WebLinks\\Controller\\HomeController::addLinkAction","_route":"submit"},"request_uri":"http://localhost:8888/test/coursOC/OC-WebLinks-master/web/link/submit"} []
[2016-08-24 00:11:15] WebLinks.INFO: > GET /test/coursOC/OC-WebLinks-master/web/link/submit [] []
[2016-08-24 00:11:16] WebLinks.INFO: < 200 [] []
[2016-08-24 00:11:16] WebLinks.INFO: Matched route "_wdt". {"route_parameters":{"_controller":"web_profiler.controller.profiler:toolbarAction","token":"20dd1a","_route":"_wdt"},"request_uri":"http://localhost:8888/test/coursOC/OC-WebLinks-master/web/_profiler/wdt/20dd1a"} []
[2016-08-24 00:11:16] WebLinks.INFO: > GET /test/coursOC/OC-WebLinks-master/web/_profiler/wdt/20dd1a [] []
[2016-08-24 00:11:17] WebLinks.INFO: < 200 [] []
[2016-08-24 00:11:26] WebLinks.INFO: Matched route "submit". {"route_parameters":{"_controller":"WebLinks\\Controller\\HomeController::addLinkAction","_route":"submit"},"request_uri":"http://localhost:8888/test/coursOC/OC-WebLinks-master/web/link/submit"} []
[2016-08-24 00:11:26] WebLinks.INFO: > POST /test/coursOC/OC-WebLinks-master/web/link/submit [] []
[2016-08-24 00:11:27] WebLinks.CRITICAL: Doctrine\DBAL\Exception\ForeignKeyConstraintViolationException: An exception occurred while executing 'INSERT INTO t_link (link_id, user_id, link_title, link_url) VALUES (?, ?, ?, ?)' with params [null, "1", "testzer", "http:\/\/smaine.me"]:  SQLSTATE[23000]: Integrity constraint violation: 1452 Cannot add or update a child row: a foreign key constraint fails (`weblinks`.`t_link`, CONSTRAINT `fk_link_usr` FOREIGN KEY (`user_id`) REFERENCES `t_user` (`user_id`)) (uncaught exception) at /Users/ismail/sites/test/coursOC/OC-WebLinks-master/vendor/doctrine/dbal/lib/Doctrine/DBAL/Driver/AbstractMySQLDriver.php line 60 {"exception":"[object] (Doctrine\\DBAL\\Exception\\ForeignKeyConstraintViolationException(code: 0): An exception occurred while executing 'INSERT INTO t_link (link_id, user_id, link_title, link_url) VALUES (?, ?, ?, ?)' with params [null, \"1\", \"testzer\", \"http:\\/\\/smaine.me\"]:\n\nSQLSTATE[23000]: Integrity constraint violation: 1452 Cannot add or update a child row: a foreign key constraint fails (`weblinks`.`t_link`, CONSTRAINT `fk_link_usr` FOREIGN KEY (`user_id`) REFERENCES `t_user` (`user_id`)) at /Users/ismail/sites/test/coursOC/OC-WebLinks-master/vendor/doctrine/dbal/lib/Doctrine/DBAL/Driver/AbstractMySQLDriver.php:60, Doctrine\\DBAL\\Driver\\PDOException(code: 23000): SQLSTATE[23000]: Integrity constraint violation: 1452 Cannot add or update a child row: a foreign key constraint fails (`weblinks`.`t_link`, CONSTRAINT `fk_link_usr` FOREIGN KEY (`user_id`) REFERENCES `t_user` (`user_id`)) at /Users/ismail/sites/test/coursOC/OC-WebLinks-master/vendor/doctrine/dbal/lib/Doctrine/DBAL/Driver/PDOStatement.php:93, PDOException(code: 23000): SQLSTATE[23000]: Integrity constraint violation: 1452 Cannot add or update a child row: a foreign key constraint fails (`weblinks`.`t_link`, CONSTRAINT `fk_link_usr` FOREIGN KEY (`user_id`) REFERENCES `t_user` (`user_id`)) at /Users/ismail/sites/test/coursOC/OC-WebLinks-master/vendor/doctrine/dbal/lib/Doctrine/DBAL/Driver/PDOStatement.php:91)"} []
[2016-08-24 00:11:27] WebLinks.INFO: < 500 [] []
[2016-08-24 00:11:27] WebLinks.INFO: Matched route "_wdt". {"route_parameters":{"_controller":"web_profiler.controller.profiler:toolbarAction","token":"bd7026","_route":"_wdt"},"request_uri":"http://localhost:8888/test/coursOC/OC-WebLinks-master/web/_profiler/wdt/bd7026"} []
[2016-08-24 00:11:27] WebLinks.INFO: > GET /test/coursOC/OC-WebLinks-master/web/_profiler/wdt/bd7026 [] []
[2016-08-24 00:11:28] WebLinks.INFO: < 200 [] []
[2016-08-24 00:15:51] WebLinks.INFO: Matched route "submit". {"route_parameters":{"_controller":"WebLinks\\Controller\\HomeController::addLinkAction","_route":"submit"},"request_uri":"http://localhost:8888/test/coursOC/OC-WebLinks-master/web/link/submit"} []
[2016-08-24 00:15:51] WebLinks.INFO: > POST /test/coursOC/OC-WebLinks-master/web/link/submit [] []
[2016-08-24 00:15:51] WebLinks.CRITICAL: Symfony\Component\Debug\Exception\ContextErrorException: Notice: Undefined variable: user (uncaught exception) at /Users/ismail/sites/test/coursOC/OC-WebLinks-master/src/DAO/LinkDAO.php line 44 {"exception":"[object] (Symfony\\Component\\Debug\\Exception\\ContextErrorException(code: 0): Notice: Undefined variable: user at /Users/ismail/sites/test/coursOC/OC-WebLinks-master/src/DAO/LinkDAO.php:44)"} []
[2016-08-24 00:15:51] WebLinks.INFO: < 500 [] []
[2016-08-24 00:15:51] WebLinks.INFO: Matched route "_wdt". {"route_parameters":{"_controller":"web_profiler.controller.profiler:toolbarAction","token":"c28024","_route":"_wdt"},"request_uri":"http://localhost:8888/test/coursOC/OC-WebLinks-master/web/_profiler/wdt/c28024"} []
[2016-08-24 00:15:51] WebLinks.INFO: > GET /test/coursOC/OC-WebLinks-master/web/_profiler/wdt/c28024 [] []
[2016-08-24 00:15:52] WebLinks.INFO: < 200 [] []
[2016-08-24 00:18:19] WebLinks.INFO: Matched route "submit". {"route_parameters":{"_controller":"WebLinks\\Controller\\HomeController::addLinkAction","_route":"submit"},"request_uri":"http://localhost:8888/test/coursOC/OC-WebLinks-master/web/link/submit"} []
[2016-08-24 00:18:19] WebLinks.INFO: > POST /test/coursOC/OC-WebLinks-master/web/link/submit [] []
[2016-08-24 00:18:19] WebLinks.CRITICAL: Symfony\Component\Debug\Exception\ContextErrorException: Notice: Undefined variable: app (uncaught exception) at /Users/ismail/sites/test/coursOC/OC-WebLinks-master/src/DAO/LinkDAO.php line 42 {"exception":"[object] (Symfony\\Component\\Debug\\Exception\\ContextErrorException(code: 0): Notice: Undefined variable: app at /Users/ismail/sites/test/coursOC/OC-WebLinks-master/src/DAO/LinkDAO.php:42)"} []
[2016-08-24 00:18:19] WebLinks.INFO: < 500 [] []
[2016-08-24 00:18:19] WebLinks.INFO: Matched route "_wdt". {"route_parameters":{"_controller":"web_profiler.controller.profiler:toolbarAction","token":"824245","_route":"_wdt"},"request_uri":"http://localhost:8888/test/coursOC/OC-WebLinks-master/web/_profiler/wdt/824245"} []
[2016-08-24 00:18:19] WebLinks.INFO: > GET /test/coursOC/OC-WebLinks-master/web/_profiler/wdt/824245 [] []
[2016-08-24 00:18:20] WebLinks.INFO: < 200 [] []
[2016-08-24 00:19:18] WebLinks.INFO: Matched route "submit". {"route_parameters":{"_controller":"WebLinks\\Controller\\HomeController::addLinkAction","_route":"submit"},"request_uri":"http://localhost:8888/test/coursOC/OC-WebLinks-master/web/link/submit"} []
[2016-08-24 00:19:18] WebLinks.INFO: > POST /test/coursOC/OC-WebLinks-master/web/link/submit [] []
[2016-08-24 00:19:18] WebLinks.CRITICAL: Symfony\Component\Debug\Exception\ContextErrorException: Notice: Undefined variable: userDAO (uncaught exception) at /Users/ismail/sites/test/coursOC/OC-WebLinks-master/src/DAO/LinkDAO.php line 42 {"exception":"[object] (Symfony\\Component\\Debug\\Exception\\ContextErrorException(code: 0): Notice: Undefined variable: userDAO at /Users/ismail/sites/test/coursOC/OC-WebLinks-master/src/DAO/LinkDAO.php:42)"} []
[2016-08-24 00:19:18] WebLinks.INFO: < 500 [] []
[2016-08-24 00:19:18] WebLinks.INFO: Matched route "_wdt". {"route_parameters":{"_controller":"web_profiler.controller.profiler:toolbarAction","token":"8a57ad","_route":"_wdt"},"request_uri":"http://localhost:8888/test/coursOC/OC-WebLinks-master/web/_profiler/wdt/8a57ad"} []
[2016-08-24 00:19:18] WebLinks.INFO: > GET /test/coursOC/OC-WebLinks-master/web/_profiler/wdt/8a57ad [] []
[2016-08-24 00:19:20] WebLinks.INFO: < 200 [] []
[2016-08-24 00:20:04] WebLinks.INFO: Matched route "submit". {"route_parameters":{"_controller":"WebLinks\\Controller\\HomeController::addLinkAction","_route":"submit"},"request_uri":"http://localhost:8888/test/coursOC/OC-WebLinks-master/web/link/submit"} []
[2016-08-24 00:20:04] WebLinks.INFO: > POST /test/coursOC/OC-WebLinks-master/web/link/submit [] []
[2016-08-24 00:20:04] WebLinks.CRITICAL: Symfony\Component\Debug\Exception\ContextErrorException: Notice: Undefined variable: id (uncaught exception) at /Users/ismail/sites/test/coursOC/OC-WebLinks-master/src/DAO/LinkDAO.php line 42 {"exception":"[object] (Symfony\\Component\\Debug\\Exception\\ContextErrorException(code: 0): Notice: Undefined variable: id at /Users/ismail/sites/test/coursOC/OC-WebLinks-master/src/DAO/LinkDAO.php:42)"} []
[2016-08-24 00:20:04] WebLinks.INFO: < 500 [] []
[2016-08-24 00:20:04] WebLinks.INFO: Matched route "_wdt". {"route_parameters":{"_controller":"web_profiler.controller.profiler:toolbarAction","token":"b3e453","_route":"_wdt"},"request_uri":"http://localhost:8888/test/coursOC/OC-WebLinks-master/web/_profiler/wdt/b3e453"} []
[2016-08-24 00:20:04] WebLinks.INFO: > GET /test/coursOC/OC-WebLinks-master/web/_profiler/wdt/b3e453 [] []
[2016-08-24 00:20:05] WebLinks.INFO: < 200 [] []
[2016-08-24 00:23:42] WebLinks.INFO: Matched route "submit". {"route_parameters":{"_controller":"WebLinks\\Controller\\HomeController::addLinkAction","_route":"submit"},"request_uri":"http://localhost:8888/test/coursOC/OC-WebLinks-master/web/link/submit"} []
[2016-08-24 00:23:42] WebLinks.INFO: > POST /test/coursOC/OC-WebLinks-master/web/link/submit [] []
[2016-08-24 00:23:42] WebLinks.CRITICAL: Symfony\Component\Debug\Exception\ContextErrorException: Notice: Undefined variable: id (uncaught exception) at /Users/ismail/sites/test/coursOC/OC-WebLinks-master/src/Controller/HomeController.php line 32 {"exception":"[object] (Symfony\\Component\\Debug\\Exception\\ContextErrorException(code: 0): Notice: Undefined variable: id at /Users/ismail/sites/test/coursOC/OC-WebLinks-master/src/Controller/HomeController.php:32)"} []
[2016-08-24 00:23:42] WebLinks.INFO: < 500 [] []
[2016-08-24 00:23:43] WebLinks.INFO: Matched route "_wdt". {"route_parameters":{"_controller":"web_profiler.controller.profiler:toolbarAction","token":"dd2e57","_route":"_wdt"},"request_uri":"http://localhost:8888/test/coursOC/OC-WebLinks-master/web/_profiler/wdt/dd2e57"} []
[2016-08-24 00:23:43] WebLinks.INFO: > GET /test/coursOC/OC-WebLinks-master/web/_profiler/wdt/dd2e57 [] []
[2016-08-24 00:23:44] WebLinks.INFO: < 200 [] []
[2016-08-24 00:47:30] WebLinks.INFO: Matched route "submit". {"route_parameters":{"_controller":"WebLinks\\Controller\\HomeController::addLinkAction","_route":"submit"},"request_uri":"http://localhost:8888/test/coursOC/OC-WebLinks-master/web/link/submit"} []
[2016-08-24 00:47:30] WebLinks.INFO: > POST /test/coursOC/OC-WebLinks-master/web/link/submit [] []
[2016-08-24 00:50:05] WebLinks.INFO: Matched route "submit". {"route_parameters":{"_controller":"WebLinks\\Controller\\HomeController::addLinkAction","_route":"submit"},"request_uri":"http://localhost:8888/test/coursOC/OC-WebLinks-master/web/link/submit"} []
[2016-08-24 00:50:05] WebLinks.INFO: > POST /test/coursOC/OC-WebLinks-master/web/link/submit [] []
[2016-08-24 01:08:25] WebLinks.INFO: Matched route "submit". {"route_parameters":{"_controller":"WebLinks\\Controller\\HomeController::addLinkAction","_route":"submit"},"request_uri":"http://localhost:8888/test/coursOC/OC-WebLinks-master/web/link/submit"} []
[2016-08-24 01:08:25] WebLinks.INFO: > POST /test/coursOC/OC-WebLinks-master/web/link/submit [] []
[2016-08-24 01:08:26] WebLinks.INFO: < 200 [] []
[2016-08-24 01:08:26] WebLinks.INFO: Matched route "_wdt". {"route_parameters":{"_controller":"web_profiler.controller.profiler:toolbarAction","token":"4f7e94","_route":"_wdt"},"request_uri":"http://localhost:8888/test/coursOC/OC-WebLinks-master/web/_profiler/wdt/4f7e94"} []
[2016-08-24 01:08:26] WebLinks.INFO: > GET /test/coursOC/OC-WebLinks-master/web/_profiler/wdt/4f7e94 [] []
[2016-08-24 01:08:27] WebLinks.INFO: < 200 [] []
[2016-08-24 01:09:57] WebLinks.INFO: Matched route "submit". {"route_parameters":{"_controller":"WebLinks\\Controller\\HomeController::addLinkAction","_route":"submit"},"request_uri":"http://localhost:8888/test/coursOC/OC-WebLinks-master/web/link/submit"} []
[2016-08-24 01:09:58] WebLinks.INFO: > POST /test/coursOC/OC-WebLinks-master/web/link/submit [] []
[2016-08-24 01:09:58] WebLinks.CRITICAL: Symfony\Component\Debug\Exception\ContextErrorException: Notice: Undefined variable: app (uncaught exception) at /Users/ismail/sites/test/coursOC/OC-WebLinks-master/src/DAO/LinkDAO.php line 43 {"exception":"[object] (Symfony\\Component\\Debug\\Exception\\ContextErrorException(code: 0): Notice: Undefined variable: app at /Users/ismail/sites/test/coursOC/OC-WebLinks-master/src/DAO/LinkDAO.php:43)"} []
[2016-08-24 01:09:58] WebLinks.INFO: < 500 [] []
[2016-08-24 01:09:58] WebLinks.INFO: Matched route "_wdt". {"route_parameters":{"_controller":"web_profiler.controller.profiler:toolbarAction","token":"c8e22f","_route":"_wdt"},"request_uri":"http://localhost:8888/test/coursOC/OC-WebLinks-master/web/_profiler/wdt/c8e22f"} []
[2016-08-24 01:09:58] WebLinks.INFO: > GET /test/coursOC/OC-WebLinks-master/web/_profiler/wdt/c8e22f [] []
[2016-08-24 01:09:59] WebLinks.INFO: < 200 [] []
[2016-08-24 01:11:06] WebLinks.INFO: Matched route "submit". {"route_parameters":{"_controller":"WebLinks\\Controller\\HomeController::addLinkAction","_route":"submit"},"request_uri":"http://localhost:8888/test/coursOC/OC-WebLinks-master/web/link/submit"} []
[2016-08-24 01:11:06] WebLinks.INFO: > POST /test/coursOC/OC-WebLinks-master/web/link/submit [] []
[2016-08-24 01:11:06] WebLinks.CRITICAL: Symfony\Component\Debug\Exception\ContextErrorException: Catchable Fatal Error: Argument 2 passed to WebLinks\DAO\LinkDAO::save() must be an instance of WebLinks\DAO\Application, none given, called in /Users/ismail/sites/test/coursOC/OC-WebLinks-master/src/Controller/HomeController.php on line 38 and defined (uncaught exception) at /Users/ismail/sites/test/coursOC/OC-WebLinks-master/src/DAO/LinkDAO.php line 42 {"exception":"[object] (Symfony\\Component\\Debug\\Exception\\ContextErrorException(code: 0): Catchable Fatal Error: Argument 2 passed to WebLinks\\DAO\\LinkDAO::save() must be an instance of WebLinks\\DAO\\Application, none given, called in /Users/ismail/sites/test/coursOC/OC-WebLinks-master/src/Controller/HomeController.php on line 38 and defined at /Users/ismail/sites/test/coursOC/OC-WebLinks-master/src/DAO/LinkDAO.php:42)"} []
[2016-08-24 01:11:06] WebLinks.INFO: < 500 [] []
[2016-08-24 01:11:07] WebLinks.INFO: Matched route "_wdt". {"route_parameters":{"_controller":"web_profiler.controller.profiler:toolbarAction","token":"d5d5a3","_route":"_wdt"},"request_uri":"http://localhost:8888/test/coursOC/OC-WebLinks-master/web/_profiler/wdt/d5d5a3"} []
[2016-08-24 01:11:07] WebLinks.INFO: > GET /test/coursOC/OC-WebLinks-master/web/_profiler/wdt/d5d5a3 [] []
[2016-08-24 01:11:08] WebLinks.INFO: < 200 [] []
[2016-08-24 01:11:38] WebLinks.INFO: Matched route "submit". {"route_parameters":{"_controller":"WebLinks\\Controller\\HomeController::addLinkAction","_route":"submit"},"request_uri":"http://localhost:8888/test/coursOC/OC-WebLinks-master/web/link/submit"} []
[2016-08-24 01:11:38] WebLinks.INFO: > POST /test/coursOC/OC-WebLinks-master/web/link/submit [] []
[2016-08-24 01:11:38] WebLinks.CRITICAL: Symfony\Component\Debug\Exception\ContextErrorException: Catchable Fatal Error: Argument 2 passed to WebLinks\DAO\LinkDAO::save() must be an instance of WebLinks\DAO\Application, none given, called in /Users/ismail/sites/test/coursOC/OC-WebLinks-master/src/Controller/HomeController.php on line 38 and defined (uncaught exception) at /Users/ismail/sites/test/coursOC/OC-WebLinks-master/src/DAO/LinkDAO.php line 42 {"exception":"[object] (Symfony\\Component\\Debug\\Exception\\ContextErrorException(code: 0): Catchable Fatal Error: Argument 2 passed to WebLinks\\DAO\\LinkDAO::save() must be an instance of WebLinks\\DAO\\Application, none given, called in /Users/ismail/sites/test/coursOC/OC-WebLinks-master/src/Controller/HomeController.php on line 38 and defined at /Users/ismail/sites/test/coursOC/OC-WebLinks-master/src/DAO/LinkDAO.php:42)"} []
[2016-08-24 01:11:38] WebLinks.INFO: < 500 [] []
[2016-08-24 01:11:38] WebLinks.INFO: Matched route "_wdt". {"route_parameters":{"_controller":"web_profiler.controller.profiler:toolbarAction","token":"3009a9","_route":"_wdt"},"request_uri":"http://localhost:8888/test/coursOC/OC-WebLinks-master/web/_profiler/wdt/3009a9"} []
[2016-08-24 01:11:39] WebLinks.INFO: > GET /test/coursOC/OC-WebLinks-master/web/_profiler/wdt/3009a9 [] []
[2016-08-24 01:11:40] WebLinks.INFO: < 200 [] []
[2016-08-24 01:12:27] WebLinks.INFO: Matched route "submit". {"route_parameters":{"_controller":"WebLinks\\Controller\\HomeController::addLinkAction","_route":"submit"},"request_uri":"http://localhost:8888/test/coursOC/OC-WebLinks-master/web/link/submit"} []
[2016-08-24 01:12:27] WebLinks.INFO: > POST /test/coursOC/OC-WebLinks-master/web/link/submit [] []
[2016-08-24 01:12:27] WebLinks.CRITICAL: Symfony\Component\Debug\Exception\ContextErrorException: Catchable Fatal Error: Argument 2 passed to WebLinks\DAO\LinkDAO::save() must be an instance of WebLinks\DAO\Application, none given, called in /Users/ismail/sites/test/coursOC/OC-WebLinks-master/src/Controller/HomeController.php on line 38 and defined (uncaught exception) at /Users/ismail/sites/test/coursOC/OC-WebLinks-master/src/DAO/LinkDAO.php line 42 {"exception":"[object] (Symfony\\Component\\Debug\\Exception\\ContextErrorException(code: 0): Catchable Fatal Error: Argument 2 passed to WebLinks\\DAO\\LinkDAO::save() must be an instance of WebLinks\\DAO\\Application, none given, called in /Users/ismail/sites/test/coursOC/OC-WebLinks-master/src/Controller/HomeController.php on line 38 and defined at /Users/ismail/sites/test/coursOC/OC-WebLinks-master/src/DAO/LinkDAO.php:42)"} []
[2016-08-24 01:12:27] WebLinks.INFO: < 500 [] []
[2016-08-24 01:12:27] WebLinks.INFO: Matched route "_wdt". {"route_parameters":{"_controller":"web_profiler.controller.profiler:toolbarAction","token":"b7610a","_route":"_wdt"},"request_uri":"http://localhost:8888/test/coursOC/OC-WebLinks-master/web/_profiler/wdt/b7610a"} []
[2016-08-24 01:12:27] WebLinks.INFO: > GET /test/coursOC/OC-WebLinks-master/web/_profiler/wdt/b7610a [] []
[2016-08-24 01:12:28] WebLinks.INFO: < 200 [] []
[2016-08-24 01:13:16] WebLinks.INFO: Matched route "submit". {"route_parameters":{"_controller":"WebLinks\\Controller\\HomeController::addLinkAction","_route":"submit"},"request_uri":"http://localhost:8888/test/coursOC/OC-WebLinks-master/web/link/submit"} []
[2016-08-24 01:13:16] WebLinks.INFO: > POST /test/coursOC/OC-WebLinks-master/web/link/submit [] []
[2016-08-24 01:14:16] WebLinks.INFO: Matched route "submit". {"route_parameters":{"_controller":"WebLinks\\Controller\\HomeController::addLinkAction","_route":"submit"},"request_uri":"http://localhost:8888/test/coursOC/OC-WebLinks-master/web/link/submit"} []
[2016-08-24 01:14:16] WebLinks.INFO: > POST /test/coursOC/OC-WebLinks-master/web/link/submit [] []
[2016-08-24 01:14:16] WebLinks.CRITICAL: InvalidArgumentException: Identifier "user" is not defined. (uncaught exception) at /Users/ismail/sites/test/coursOC/OC-WebLinks-master/vendor/pimple/pimple/lib/Pimple.php line 78 {"exception":"[object] (InvalidArgumentException(code: 0): Identifier \"user\" is not defined. at /Users/ismail/sites/test/coursOC/OC-WebLinks-master/vendor/pimple/pimple/lib/Pimple.php:78)"} []
[2016-08-24 01:14:16] WebLinks.INFO: < 500 [] []
[2016-08-24 01:14:17] WebLinks.INFO: Matched route "_wdt". {"route_parameters":{"_controller":"web_profiler.controller.profiler:toolbarAction","token":"d00610","_route":"_wdt"},"request_uri":"http://localhost:8888/test/coursOC/OC-WebLinks-master/web/_profiler/wdt/d00610"} []
[2016-08-24 01:14:17] WebLinks.INFO: > GET /test/coursOC/OC-WebLinks-master/web/_profiler/wdt/d00610 [] []
[2016-08-24 01:14:18] WebLinks.INFO: < 200 [] []
[2016-08-24 01:14:44] WebLinks.INFO: Matched route "submit". {"route_parameters":{"_controller":"WebLinks\\Controller\\HomeController::addLinkAction","_route":"submit"},"request_uri":"http://localhost:8888/test/coursOC/OC-WebLinks-master/web/link/submit"} []
[2016-08-24 01:14:44] WebLinks.INFO: > POST /test/coursOC/OC-WebLinks-master/web/link/submit [] []
[2016-08-24 01:14:44] WebLinks.CRITICAL: InvalidArgumentException: Identifier "user" is not defined. (uncaught exception) at /Users/ismail/sites/test/coursOC/OC-WebLinks-master/vendor/pimple/pimple/lib/Pimple.php line 78 {"exception":"[object] (InvalidArgumentException(code: 0): Identifier \"user\" is not defined. at /Users/ismail/sites/test/coursOC/OC-WebLinks-master/vendor/pimple/pimple/lib/Pimple.php:78)"} []
[2016-08-24 01:14:44] WebLinks.INFO: < 500 [] []
[2016-08-24 01:14:44] WebLinks.INFO: Matched route "_wdt". {"route_parameters":{"_controller":"web_profiler.controller.profiler:toolbarAction","token":"2916f7","_route":"_wdt"},"request_uri":"http://localhost:8888/test/coursOC/OC-WebLinks-master/web/_profiler/wdt/2916f7"} []
[2016-08-24 01:14:44] WebLinks.INFO: > GET /test/coursOC/OC-WebLinks-master/web/_profiler/wdt/2916f7 [] []
[2016-08-24 01:14:45] WebLinks.INFO: < 200 [] []
[2016-08-24 01:15:11] WebLinks.INFO: Matched route "submit". {"route_parameters":{"_controller":"WebLinks\\Controller\\HomeController::addLinkAction","_route":"submit"},"request_uri":"http://localhost:8888/test/coursOC/OC-WebLinks-master/web/link/submit"} []
[2016-08-24 01:15:11] WebLinks.INFO: > POST /test/coursOC/OC-WebLinks-master/web/link/submit [] []
[2016-08-24 01:15:11] WebLinks.CRITICAL: InvalidArgumentException: Identifier "session" is not defined. (uncaught exception) at /Users/ismail/sites/test/coursOC/OC-WebLinks-master/vendor/pimple/pimple/lib/Pimple.php line 78 {"exception":"[object] (InvalidArgumentException(code: 0): Identifier \"session\" is not defined. at /Users/ismail/sites/test/coursOC/OC-WebLinks-master/vendor/pimple/pimple/lib/Pimple.php:78)"} []
[2016-08-24 01:15:11] WebLinks.INFO: < 500 [] []
[2016-08-24 01:15:11] WebLinks.INFO: Matched route "_wdt". {"route_parameters":{"_controller":"web_profiler.controller.profiler:toolbarAction","token":"116068","_route":"_wdt"},"request_uri":"http://localhost:8888/test/coursOC/OC-WebLinks-master/web/_profiler/wdt/116068"} []
[2016-08-24 01:15:11] WebLinks.INFO: > GET /test/coursOC/OC-WebLinks-master/web/_profiler/wdt/116068 [] []
[2016-08-24 01:15:12] WebLinks.INFO: < 200 [] []
[2016-08-24 01:19:38] WebLinks.INFO: Matched route "submit". {"route_parameters":{"_controller":"WebLinks\\Controller\\HomeController::addLinkAction","_route":"submit"},"request_uri":"http://localhost:8888/test/coursOC/OC-WebLinks-master/web/link/submit"} []
[2016-08-24 01:19:38] WebLinks.INFO: > POST /test/coursOC/OC-WebLinks-master/web/link/submit [] []
[2016-08-24 01:19:38] WebLinks.CRITICAL: InvalidArgumentException: Identifier "user" is not defined. (uncaught exception) at /Users/ismail/sites/test/coursOC/OC-WebLinks-master/vendor/pimple/pimple/lib/Pimple.php line 78 {"exception":"[object] (InvalidArgumentException(code: 0): Identifier \"user\" is not defined. at /Users/ismail/sites/test/coursOC/OC-WebLinks-master/vendor/pimple/pimple/lib/Pimple.php:78)"} []
[2016-08-24 01:19:38] WebLinks.INFO: < 500 [] []
[2016-08-24 01:19:38] WebLinks.INFO: Matched route "_wdt". {"route_parameters":{"_controller":"web_profiler.controller.profiler:toolbarAction","token":"d1d859","_route":"_wdt"},"request_uri":"http://localhost:8888/test/coursOC/OC-WebLinks-master/web/_profiler/wdt/d1d859"} []
[2016-08-24 01:19:38] WebLinks.INFO: > GET /test/coursOC/OC-WebLinks-master/web/_profiler/wdt/d1d859 [] []
[2016-08-24 01:19:39] WebLinks.INFO: < 200 [] []
[2016-08-24 01:21:06] WebLinks.INFO: Matched route "submit". {"route_parameters":{"_controller":"WebLinks\\Controller\\HomeController::addLinkAction","_route":"submit"},"request_uri":"http://localhost:8888/test/coursOC/OC-WebLinks-master/web/link/submit"} []
[2016-08-24 01:21:06] WebLinks.INFO: > POST /test/coursOC/OC-WebLinks-master/web/link/submit [] []
[2016-08-24 01:22:00] WebLinks.INFO: Matched route "submit". {"route_parameters":{"_controller":"WebLinks\\Controller\\HomeController::addLinkAction","_route":"submit"},"request_uri":"http://localhost:8888/test/coursOC/OC-WebLinks-master/web/link/submit"} []
[2016-08-24 01:22:00] WebLinks.INFO: > POST /test/coursOC/OC-WebLinks-master/web/link/submit [] []
[2016-08-24 01:23:42] WebLinks.INFO: Matched route "submit". {"route_parameters":{"_controller":"WebLinks\\Controller\\HomeController::addLinkAction","_route":"submit"},"request_uri":"http://localhost:8888/test/coursOC/OC-WebLinks-master/web/link/submit"} []
[2016-08-24 01:23:42] WebLinks.INFO: > POST /test/coursOC/OC-WebLinks-master/web/link/submit [] []
[2016-08-24 01:23:42] WebLinks.CRITICAL: Symfony\Component\Debug\Exception\ContextErrorException: Notice: Undefined variable: userId (uncaught exception) at /Users/ismail/sites/test/coursOC/OC-WebLinks-master/src/DAO/LinkDAO.php line 44 {"exception":"[object] (Symfony\\Component\\Debug\\Exception\\ContextErrorException(code: 0): Notice: Undefined variable: userId at /Users/ismail/sites/test/coursOC/OC-WebLinks-master/src/DAO/LinkDAO.php:44)"} []
[2016-08-24 01:23:42] WebLinks.INFO: < 500 [] []
[2016-08-24 01:23:42] WebLinks.INFO: Matched route "_wdt". {"route_parameters":{"_controller":"web_profiler.controller.profiler:toolbarAction","token":"23ef96","_route":"_wdt"},"request_uri":"http://localhost:8888/test/coursOC/OC-WebLinks-master/web/_profiler/wdt/23ef96"} []
[2016-08-24 01:23:42] WebLinks.INFO: > GET /test/coursOC/OC-WebLinks-master/web/_profiler/wdt/23ef96 [] []
[2016-08-24 01:23:43] WebLinks.INFO: < 200 [] []
[2016-08-24 01:26:29] WebLinks.INFO: Matched route "submit". {"route_parameters":{"_controller":"WebLinks\\Controller\\HomeController::addLinkAction","_route":"submit"},"request_uri":"http://localhost:8888/test/coursOC/OC-WebLinks-master/web/link/submit"} []
[2016-08-24 01:26:29] WebLinks.INFO: > POST /test/coursOC/OC-WebLinks-master/web/link/submit [] []
[2016-08-24 01:26:29] WebLinks.CRITICAL: Symfony\Component\Debug\Exception\ContextErrorException: Notice: Undefined variable: app (uncaught exception) at /Users/ismail/sites/test/coursOC/OC-WebLinks-master/src/DAO/LinkDAO.php line 44 {"exception":"[object] (Symfony\\Component\\Debug\\Exception\\ContextErrorException(code: 0): Notice: Undefined variable: app at /Users/ismail/sites/test/coursOC/OC-WebLinks-master/src/DAO/LinkDAO.php:44)"} []
[2016-08-24 01:26:29] WebLinks.INFO: < 500 [] []
[2016-08-24 01:26:29] WebLinks.INFO: Matched route "_wdt". {"route_parameters":{"_controller":"web_profiler.controller.profiler:toolbarAction","token":"679611","_route":"_wdt"},"request_uri":"http://localhost:8888/test/coursOC/OC-WebLinks-master/web/_profiler/wdt/679611"} []
[2016-08-24 01:26:29] WebLinks.INFO: > GET /test/coursOC/OC-WebLinks-master/web/_profiler/wdt/679611 [] []
[2016-08-24 01:26:30] WebLinks.INFO: < 200 [] []
[2016-08-24 01:27:16] WebLinks.INFO: Matched route "submit". {"route_parameters":{"_controller":"WebLinks\\Controller\\HomeController::addLinkAction","_route":"submit"},"request_uri":"http://localhost:8888/test/coursOC/OC-WebLinks-master/web/link/submit"} []
[2016-08-24 01:27:16] WebLinks.INFO: > POST /test/coursOC/OC-WebLinks-master/web/link/submit [] []
[2016-08-24 01:27:16] WebLinks.CRITICAL: Symfony\Component\Debug\Exception\ContextErrorException: Notice: Undefined variable: app (uncaught exception) at /Users/ismail/sites/test/coursOC/OC-WebLinks-master/src/DAO/LinkDAO.php line 45 {"exception":"[object] (Symfony\\Component\\Debug\\Exception\\ContextErrorException(code: 0): Notice: Undefined variable: app at /Users/ismail/sites/test/coursOC/OC-WebLinks-master/src/DAO/LinkDAO.php:45)"} []
[2016-08-24 01:27:16] WebLinks.INFO: < 500 [] []
[2016-08-24 01:27:17] WebLinks.INFO: Matched route "_wdt". {"route_parameters":{"_controller":"web_profiler.controller.profiler:toolbarAction","token":"e9f604","_route":"_wdt"},"request_uri":"http://localhost:8888/test/coursOC/OC-WebLinks-master/web/_profiler/wdt/e9f604"} []
[2016-08-24 01:27:17] WebLinks.INFO: > GET /test/coursOC/OC-WebLinks-master/web/_profiler/wdt/e9f604 [] []
[2016-08-24 01:27:18] WebLinks.INFO: < 200 [] []
[2016-08-24 01:27:50] WebLinks.INFO: Matched route "submit". {"route_parameters":{"_controller":"WebLinks\\Controller\\HomeController::addLinkAction","_route":"submit"},"request_uri":"http://localhost:8888/test/coursOC/OC-WebLinks-master/web/link/submit"} []
[2016-08-24 01:27:50] WebLinks.INFO: > POST /test/coursOC/OC-WebLinks-master/web/link/submit [] []
[2016-08-24 01:27:50] WebLinks.CRITICAL: InvalidArgumentException: Identifier "security.token_storage" is not defined. (uncaught exception) at /Users/ismail/sites/test/coursOC/OC-WebLinks-master/vendor/pimple/pimple/lib/Pimple.php line 78 {"exception":"[object] (InvalidArgumentException(code: 0): Identifier \"security.token_storage\" is not defined. at /Users/ismail/sites/test/coursOC/OC-WebLinks-master/vendor/pimple/pimple/lib/Pimple.php:78)"} []
[2016-08-24 01:27:50] WebLinks.INFO: < 500 [] []
[2016-08-24 01:27:51] WebLinks.INFO: Matched route "_wdt". {"route_parameters":{"_controller":"web_profiler.controller.profiler:toolbarAction","token":"5a4ef4","_route":"_wdt"},"request_uri":"http://localhost:8888/test/coursOC/OC-WebLinks-master/web/_profiler/wdt/5a4ef4"} []
[2016-08-24 01:27:51] WebLinks.INFO: > GET /test/coursOC/OC-WebLinks-master/web/_profiler/wdt/5a4ef4 [] []
[2016-08-24 01:27:52] WebLinks.INFO: < 200 [] []
[2016-08-24 01:31:27] WebLinks.INFO: Matched route "submit". {"route_parameters":{"_controller":"WebLinks\\Controller\\HomeController::addLinkAction","_route":"submit"},"request_uri":"http://localhost:8888/test/coursOC/OC-WebLinks-master/web/link/submit"} []
[2016-08-24 01:31:27] WebLinks.INFO: > POST /test/coursOC/OC-WebLinks-master/web/link/submit [] []
[2016-08-24 01:31:27] WebLinks.CRITICAL: InvalidArgumentException: Identifier "user" is not defined. (uncaught exception) at /Users/ismail/sites/test/coursOC/OC-WebLinks-master/vendor/pimple/pimple/lib/Pimple.php line 78 {"exception":"[object] (InvalidArgumentException(code: 0): Identifier \"user\" is not defined. at /Users/ismail/sites/test/coursOC/OC-WebLinks-master/vendor/pimple/pimple/lib/Pimple.php:78)"} []
[2016-08-24 01:31:27] WebLinks.INFO: < 500 [] []
[2016-08-24 01:31:28] WebLinks.INFO: Matched route "_wdt". {"route_parameters":{"_controller":"web_profiler.controller.profiler:toolbarAction","token":"e44c33","_route":"_wdt"},"request_uri":"http://localhost:8888/test/coursOC/OC-WebLinks-master/web/_profiler/wdt/e44c33"} []
[2016-08-24 01:31:28] WebLinks.INFO: > GET /test/coursOC/OC-WebLinks-master/web/_profiler/wdt/e44c33 [] []
[2016-08-24 01:31:29] WebLinks.INFO: < 200 [] []
[2016-08-24 01:32:25] WebLinks.INFO: Matched route "submit". {"route_parameters":{"_controller":"WebLinks\\Controller\\HomeController::addLinkAction","_route":"submit"},"request_uri":"http://localhost:8888/test/coursOC/OC-WebLinks-master/web/link/submit"} []
[2016-08-24 01:32:25] WebLinks.INFO: > POST /test/coursOC/OC-WebLinks-master/web/link/submit [] []
[2016-08-24 01:32:25] WebLinks.CRITICAL: InvalidArgumentException: Identifier "user" is not defined. (uncaught exception) at /Users/ismail/sites/test/coursOC/OC-WebLinks-master/vendor/pimple/pimple/lib/Pimple.php line 78 {"exception":"[object] (InvalidArgumentException(code: 0): Identifier \"user\" is not defined. at /Users/ismail/sites/test/coursOC/OC-WebLinks-master/vendor/pimple/pimple/lib/Pimple.php:78)"} []
[2016-08-24 01:32:25] WebLinks.INFO: < 500 [] []
[2016-08-24 01:32:25] WebLinks.INFO: Matched route "_wdt". {"route_parameters":{"_controller":"web_profiler.controller.profiler:toolbarAction","token":"8c8709","_route":"_wdt"},"request_uri":"http://localhost:8888/test/coursOC/OC-WebLinks-master/web/_profiler/wdt/8c8709"} []
[2016-08-24 01:32:25] WebLinks.INFO: > GET /test/coursOC/OC-WebLinks-master/web/_profiler/wdt/8c8709 [] []
[2016-08-24 01:32:26] WebLinks.INFO: < 200 [] []
[2016-08-24 01:34:23] WebLinks.INFO: Matched route "submit". {"route_parameters":{"_controller":"WebLinks\\Controller\\HomeController::addLinkAction","_route":"submit"},"request_uri":"http://localhost:8888/test/coursOC/OC-WebLinks-master/web/link/submit"} []
[2016-08-24 01:34:23] WebLinks.INFO: > POST /test/coursOC/OC-WebLinks-master/web/link/submit [] []
[2016-08-24 01:34:23] WebLinks.CRITICAL: Symfony\Component\Debug\Exception\ContextErrorException: Notice: Undefined variable: app (uncaught exception) at /Users/ismail/sites/test/coursOC/OC-WebLinks-master/src/DAO/LinkDAO.php line 46 {"exception":"[object] (Symfony\\Component\\Debug\\Exception\\ContextErrorException(code: 0): Notice: Undefined variable: app at /Users/ismail/sites/test/coursOC/OC-WebLinks-master/src/DAO/LinkDAO.php:46)"} []
[2016-08-24 01:34:23] WebLinks.INFO: < 500 [] []
[2016-08-24 01:34:24] WebLinks.INFO: Matched route "_wdt". {"route_parameters":{"_controller":"web_profiler.controller.profiler:toolbarAction","token":"a78bd0","_route":"_wdt"},"request_uri":"http://localhost:8888/test/coursOC/OC-WebLinks-master/web/_profiler/wdt/a78bd0"} []
[2016-08-24 01:34:24] WebLinks.INFO: > GET /test/coursOC/OC-WebLinks-master/web/_profiler/wdt/a78bd0 [] []
[2016-08-24 01:34:25] WebLinks.INFO: < 200 [] []
[2016-08-24 01:34:39] WebLinks.INFO: Matched route "submit". {"route_parameters":{"_controller":"WebLinks\\Controller\\HomeController::addLinkAction","_route":"submit"},"request_uri":"http://localhost:8888/test/coursOC/OC-WebLinks-master/web/link/submit"} []
[2016-08-24 01:34:39] WebLinks.INFO: > POST /test/coursOC/OC-WebLinks-master/web/link/submit [] []
[2016-08-24 01:34:39] WebLinks.INFO: < 200 [] []
[2016-08-24 01:34:40] WebLinks.INFO: Matched route "_wdt". {"route_parameters":{"_controller":"web_profiler.controller.profiler:toolbarAction","token":"fb39f7","_route":"_wdt"},"request_uri":"http://localhost:8888/test/coursOC/OC-WebLinks-master/web/_profiler/wdt/fb39f7"} []
[2016-08-24 01:34:40] WebLinks.INFO: > GET /test/coursOC/OC-WebLinks-master/web/_profiler/wdt/fb39f7 [] []
[2016-08-24 01:34:41] WebLinks.INFO: < 200 [] []
[2016-08-24 01:35:58] WebLinks.INFO: Matched route "submit". {"route_parameters":{"_controller":"WebLinks\\Controller\\HomeController::addLinkAction","_route":"submit"},"request_uri":"http://localhost:8888/test/coursOC/OC-WebLinks-master/web/link/submit"} []
[2016-08-24 01:35:58] WebLinks.INFO: > POST /test/coursOC/OC-WebLinks-master/web/link/submit [] []
[2016-08-24 01:35:59] WebLinks.INFO: < 200 [] []
[2016-08-24 01:35:59] WebLinks.INFO: Matched route "_wdt". {"route_parameters":{"_controller":"web_profiler.controller.profiler:toolbarAction","token":"88cd92","_route":"_wdt"},"request_uri":"http://localhost:8888/test/coursOC/OC-WebLinks-master/web/_profiler/wdt/88cd92"} []
[2016-08-24 01:35:59] WebLinks.INFO: > GET /test/coursOC/OC-WebLinks-master/web/_profiler/wdt/88cd92 [] []
[2016-08-24 01:36:00] WebLinks.INFO: < 200 [] []
[2016-08-24 01:36:25] WebLinks.INFO: Matched route "submit". {"route_parameters":{"_controller":"WebLinks\\Controller\\HomeController::addLinkAction","_route":"submit"},"request_uri":"http://localhost:8888/test/coursOC/OC-WebLinks-master/web/link/submit"} []
[2016-08-24 01:36:25] WebLinks.INFO: > POST /test/coursOC/OC-WebLinks-master/web/link/submit [] []
[2016-08-24 01:36:25] WebLinks.CRITICAL: Symfony\Component\Debug\Exception\ContextErrorException: Notice: Undefined variable: app (uncaught exception) at /Users/ismail/sites/test/coursOC/OC-WebLinks-master/src/DAO/LinkDAO.php line 45 {"exception":"[object] (Symfony\\Component\\Debug\\Exception\\ContextErrorException(code: 0): Notice: Undefined variable: app at /Users/ismail/sites/test/coursOC/OC-WebLinks-master/src/DAO/LinkDAO.php:45)"} []
[2016-08-24 01:36:25] WebLinks.INFO: < 500 [] []
[2016-08-24 01:36:26] WebLinks.INFO: Matched route "_wdt". {"route_parameters":{"_controller":"web_profiler.controller.profiler:toolbarAction","token":"3cee98","_route":"_wdt"},"request_uri":"http://localhost:8888/test/coursOC/OC-WebLinks-master/web/_profiler/wdt/3cee98"} []
[2016-08-24 01:36:26] WebLinks.INFO: > GET /test/coursOC/OC-WebLinks-master/web/_profiler/wdt/3cee98 [] []
[2016-08-24 01:36:27] WebLinks.INFO: < 200 [] []
[2016-08-24 01:36:53] WebLinks.INFO: Matched route "submit". {"route_parameters":{"_controller":"WebLinks\\Controller\\HomeController::addLinkAction","_route":"submit"},"request_uri":"http://localhost:8888/test/coursOC/OC-WebLinks-master/web/link/submit"} []
[2016-08-24 01:36:53] WebLinks.INFO: > POST /test/coursOC/OC-WebLinks-master/web/link/submit [] []
[2016-08-24 01:36:53] WebLinks.CRITICAL: Symfony\Component\Debug\Exception\ContextErrorException: Notice: Undefined variable: app (uncaught exception) at /Users/ismail/sites/test/coursOC/OC-WebLinks-master/src/DAO/LinkDAO.php line 44 {"exception":"[object] (Symfony\\Component\\Debug\\Exception\\ContextErrorException(code: 0): Notice: Undefined variable: app at /Users/ismail/sites/test/coursOC/OC-WebLinks-master/src/DAO/LinkDAO.php:44)"} []
[2016-08-24 01:36:53] WebLinks.INFO: < 500 [] []
[2016-08-24 01:36:53] WebLinks.INFO: Matched route "_wdt". {"route_parameters":{"_controller":"web_profiler.controller.profiler:toolbarAction","token":"50dcbd","_route":"_wdt"},"request_uri":"http://localhost:8888/test/coursOC/OC-WebLinks-master/web/_profiler/wdt/50dcbd"} []
[2016-08-24 01:36:53] WebLinks.INFO: > GET /test/coursOC/OC-WebLinks-master/web/_profiler/wdt/50dcbd [] []
[2016-08-24 01:36:54] WebLinks.INFO: < 200 [] []
[2016-08-24 01:37:41] WebLinks.INFO: Matched route "submit". {"route_parameters":{"_controller":"WebLinks\\Controller\\HomeController::addLinkAction","_route":"submit"},"request_uri":"http://localhost:8888/test/coursOC/OC-WebLinks-master/web/link/submit"} []
[2016-08-24 01:37:41] WebLinks.INFO: > POST /test/coursOC/OC-WebLinks-master/web/link/submit [] []
[2016-08-24 01:37:41] WebLinks.CRITICAL: Symfony\Component\Debug\Exception\ContextErrorException: Notice: Undefined variable: app (uncaught exception) at /Users/ismail/sites/test/coursOC/OC-WebLinks-master/src/DAO/LinkDAO.php line 44 {"exception":"[object] (Symfony\\Component\\Debug\\Exception\\ContextErrorException(code: 0): Notice: Undefined variable: app at /Users/ismail/sites/test/coursOC/OC-WebLinks-master/src/DAO/LinkDAO.php:44)"} []
[2016-08-24 01:37:41] WebLinks.INFO: < 500 [] []
[2016-08-24 01:37:41] WebLinks.INFO: Matched route "_wdt". {"route_parameters":{"_controller":"web_profiler.controller.profiler:toolbarAction","token":"f5125d","_route":"_wdt"},"request_uri":"http://localhost:8888/test/coursOC/OC-WebLinks-master/web/_profiler/wdt/f5125d"} []
[2016-08-24 01:37:41] WebLinks.INFO: > GET /test/coursOC/OC-WebLinks-master/web/_profiler/wdt/f5125d [] []
[2016-08-24 01:37:42] WebLinks.INFO: < 200 [] []
[2016-08-24 01:39:13] WebLinks.INFO: Matched route "submit". {"route_parameters":{"_controller":"WebLinks\\Controller\\HomeController::addLinkAction","_route":"submit"},"request_uri":"http://localhost:8888/test/coursOC/OC-WebLinks-master/web/link/submit"} []
[2016-08-24 01:39:13] WebLinks.INFO: > POST /test/coursOC/OC-WebLinks-master/web/link/submit [] []
[2016-08-24 01:39:58] WebLinks.INFO: Matched route "submit". {"route_parameters":{"_controller":"WebLinks\\Controller\\HomeController::addLinkAction","_route":"submit"},"request_uri":"http://localhost:8888/test/coursOC/OC-WebLinks-master/web/link/submit"} []
[2016-08-24 01:39:58] WebLinks.INFO: > POST /test/coursOC/OC-WebLinks-master/web/link/submit [] []
[2016-08-24 01:40:09] WebLinks.INFO: Matched route "submit". {"route_parameters":{"_controller":"WebLinks\\Controller\\HomeController::addLinkAction","_route":"submit"},"request_uri":"http://localhost:8888/test/coursOC/OC-WebLinks-master/web/link/submit"} []
[2016-08-24 01:40:09] WebLinks.INFO: > POST /test/coursOC/OC-WebLinks-master/web/link/submit [] []
[2016-08-24 01:40:24] WebLinks.INFO: Matched route "submit". {"route_parameters":{"_controller":"WebLinks\\Controller\\HomeController::addLinkAction","_route":"submit"},"request_uri":"http://localhost:8888/test/coursOC/OC-WebLinks-master/web/link/submit"} []
[2016-08-24 01:40:24] WebLinks.INFO: > POST /test/coursOC/OC-WebLinks-master/web/link/submit [] []
[2016-08-24 01:40:25] WebLinks.CRITICAL: Symfony\Component\Debug\Exception\ContextErrorException: Notice: Undefined variable: app (uncaught exception) at /Users/ismail/sites/test/coursOC/OC-WebLinks-master/src/DAO/LinkDAO.php line 44 {"exception":"[object] (Symfony\\Component\\Debug\\Exception\\ContextErrorException(code: 0): Notice: Undefined variable: app at /Users/ismail/sites/test/coursOC/OC-WebLinks-master/src/DAO/LinkDAO.php:44)"} []
[2016-08-24 01:40:25] WebLinks.INFO: < 500 [] []
[2016-08-24 01:40:25] WebLinks.INFO: Matched route "_wdt". {"route_parameters":{"_controller":"web_profiler.controller.profiler:toolbarAction","token":"ed562e","_route":"_wdt"},"request_uri":"http://localhost:8888/test/coursOC/OC-WebLinks-master/web/_profiler/wdt/ed562e"} []
[2016-08-24 01:40:25] WebLinks.INFO: > GET /test/coursOC/OC-WebLinks-master/web/_profiler/wdt/ed562e [] []
[2016-08-24 01:40:26] WebLinks.INFO: < 200 [] []
[2016-08-24 01:42:02] WebLinks.INFO: Matched route "submit". {"route_parameters":{"_controller":"WebLinks\\Controller\\HomeController::addLinkAction","_route":"submit"},"request_uri":"http://localhost:8888/test/coursOC/OC-WebLinks-master/web/link/submit"} []
[2016-08-24 01:42:02] WebLinks.INFO: > POST /test/coursOC/OC-WebLinks-master/web/link/submit [] []
[2016-08-24 01:42:02] WebLinks.CRITICAL: Symfony\Component\Debug\Exception\ContextErrorException: Notice: Undefined variable: app (uncaught exception) at /Users/ismail/sites/test/coursOC/OC-WebLinks-master/src/DAO/LinkDAO.php line 44 {"exception":"[object] (Symfony\\Component\\Debug\\Exception\\ContextErrorException(code: 0): Notice: Undefined variable: app at /Users/ismail/sites/test/coursOC/OC-WebLinks-master/src/DAO/LinkDAO.php:44)"} []
[2016-08-24 01:42:02] WebLinks.INFO: < 500 [] []
[2016-08-24 01:42:02] WebLinks.INFO: Matched route "_wdt". {"route_parameters":{"_controller":"web_profiler.controller.profiler:toolbarAction","token":"60d8e0","_route":"_wdt"},"request_uri":"http://localhost:8888/test/coursOC/OC-WebLinks-master/web/_profiler/wdt/60d8e0"} []
[2016-08-24 01:42:02] WebLinks.INFO: > GET /test/coursOC/OC-WebLinks-master/web/_profiler/wdt/60d8e0 [] []
[2016-08-24 01:42:04] WebLinks.INFO: < 200 [] []
[2016-08-24 01:43:06] WebLinks.INFO: Matched route "submit". {"route_parameters":{"_controller":"WebLinks\\Controller\\HomeController::addLinkAction","_route":"submit"},"request_uri":"http://localhost:8888/test/coursOC/OC-WebLinks-master/web/link/submit"} []
[2016-08-24 01:43:06] WebLinks.INFO: > POST /test/coursOC/OC-WebLinks-master/web/link/submit [] []
[2016-08-24 01:43:06] WebLinks.CRITICAL: Symfony\Component\Debug\Exception\ContextErrorException: Notice: Undefined variable: app (uncaught exception) at /Users/ismail/sites/test/coursOC/OC-WebLinks-master/src/DAO/LinkDAO.php line 44 {"exception":"[object] (Symfony\\Component\\Debug\\Exception\\ContextErrorException(code: 0): Notice: Undefined variable: app at /Users/ismail/sites/test/coursOC/OC-WebLinks-master/src/DAO/LinkDAO.php:44)"} []
[2016-08-24 01:43:06] WebLinks.INFO: < 500 [] []
[2016-08-24 01:43:06] WebLinks.INFO: Matched route "_wdt". {"route_parameters":{"_controller":"web_profiler.controller.profiler:toolbarAction","token":"0afcd6","_route":"_wdt"},"request_uri":"http://localhost:8888/test/coursOC/OC-WebLinks-master/web/_profiler/wdt/0afcd6"} []
[2016-08-24 01:43:06] WebLinks.INFO: > GET /test/coursOC/OC-WebLinks-master/web/_profiler/wdt/0afcd6 [] []
[2016-08-24 01:43:07] WebLinks.INFO: < 200 [] []
[2016-08-24 01:43:23] WebLinks.INFO: Matched route "submit". {"route_parameters":{"_controller":"WebLinks\\Controller\\HomeController::addLinkAction","_route":"submit"},"request_uri":"http://localhost:8888/test/coursOC/OC-WebLinks-master/web/link/submit"} []
[2016-08-24 01:43:23] WebLinks.INFO: > POST /test/coursOC/OC-WebLinks-master/web/link/submit [] []
[2016-08-24 01:43:24] WebLinks.INFO: < 200 [] []
[2016-08-24 01:43:24] WebLinks.INFO: Matched route "_wdt". {"route_parameters":{"_controller":"web_profiler.controller.profiler:toolbarAction","token":"aad0e1","_route":"_wdt"},"request_uri":"http://localhost:8888/test/coursOC/OC-WebLinks-master/web/_profiler/wdt/aad0e1"} []
[2016-08-24 01:43:24] WebLinks.INFO: > GET /test/coursOC/OC-WebLinks-master/web/_profiler/wdt/aad0e1 [] []
[2016-08-24 01:43:25] WebLinks.INFO: < 200 [] []
[2016-08-24 01:43:55] WebLinks.INFO: Matched route "logout". {"route_parameters":{"_controller":null,"_route":"logout"},"request_uri":"http://localhost:8888/test/coursOC/OC-WebLinks-master/web/logout"} []
[2016-08-24 01:43:56] WebLinks.INFO: < 302 http://localhost:8888/test/coursOC/OC-WebLinks-master/web/ [] []
[2016-08-24 01:43:56] WebLinks.INFO: Matched route "home". {"route_parameters":{"_controller":"WebLinks\\Controller\\HomeController::indexAction","_route":"home"},"request_uri":"http://localhost:8888/test/coursOC/OC-WebLinks-master/web/"} []
[2016-08-24 01:43:56] WebLinks.INFO: Populated the TokenStorage with an anonymous Token. [] []
[2016-08-24 01:43:56] WebLinks.INFO: > GET /test/coursOC/OC-WebLinks-master/web/ [] []
[2016-08-24 01:43:56] WebLinks.INFO: < 200 [] []
[2016-08-24 01:43:56] WebLinks.INFO: Matched route "_wdt". {"route_parameters":{"_controller":"web_profiler.controller.profiler:toolbarAction","token":"1c9774","_route":"_wdt"},"request_uri":"http://localhost:8888/test/coursOC/OC-WebLinks-master/web/_profiler/wdt/1c9774"} []
[2016-08-24 01:43:56] WebLinks.INFO: Populated the TokenStorage with an anonymous Token. [] []
[2016-08-24 01:43:56] WebLinks.INFO: > GET /test/coursOC/OC-WebLinks-master/web/_profiler/wdt/1c9774 [] []
[2016-08-24 01:43:57] WebLinks.INFO: < 200 [] []
[2016-08-24 01:44:00] WebLinks.INFO: Matched route "login". {"route_parameters":{"_controller":"WebLinks\\Controller\\HomeController::loginAction","_route":"login"},"request_uri":"http://localhost:8888/test/coursOC/OC-WebLinks-master/web/login"} []
[2016-08-24 01:44:00] WebLinks.INFO: Populated the TokenStorage with an anonymous Token. [] []
[2016-08-24 01:44:00] WebLinks.INFO: > GET /test/coursOC/OC-WebLinks-master/web/login [] []
[2016-08-24 01:44:00] WebLinks.INFO: < 200 [] []
[2016-08-24 01:44:01] WebLinks.INFO: Matched route "_wdt". {"route_parameters":{"_controller":"web_profiler.controller.profiler:toolbarAction","token":"fab31d","_route":"_wdt"},"request_uri":"http://localhost:8888/test/coursOC/OC-WebLinks-master/web/_profiler/wdt/fab31d"} []
[2016-08-24 01:44:01] WebLinks.INFO: Populated the TokenStorage with an anonymous Token. [] []
[2016-08-24 01:44:01] WebLinks.INFO: > GET /test/coursOC/OC-WebLinks-master/web/_profiler/wdt/fab31d [] []
[2016-08-24 01:44:02] WebLinks.INFO: < 200 [] []
[2016-08-24 01:44:09] WebLinks.INFO: Matched route "login_check". {"route_parameters":{"_controller":null,"_route":"login_check"},"request_uri":"http://localhost:8888/test/coursOC/OC-WebLinks-master/web/login_check"} []
[2016-08-24 01:44:09] WebLinks.INFO: User has been authenticated successfully. {"username":"smaine"} []
[2016-08-24 01:44:09] WebLinks.INFO: < 302 http://localhost:8888/test/coursOC/OC-WebLinks-master/web/ [] []
[2016-08-24 01:44:10] WebLinks.INFO: Matched route "home". {"route_parameters":{"_controller":"WebLinks\\Controller\\HomeController::indexAction","_route":"home"},"request_uri":"http://localhost:8888/test/coursOC/OC-WebLinks-master/web/"} []
[2016-08-24 01:44:10] WebLinks.INFO: > GET /test/coursOC/OC-WebLinks-master/web/ [] []
[2016-08-24 01:44:10] WebLinks.INFO: < 200 [] []
[2016-08-24 01:44:10] WebLinks.INFO: Matched route "_wdt". {"route_parameters":{"_controller":"web_profiler.controller.profiler:toolbarAction","token":"86bf40","_route":"_wdt"},"request_uri":"http://localhost:8888/test/coursOC/OC-WebLinks-master/web/_profiler/wdt/86bf40"} []
[2016-08-24 01:44:10] WebLinks.INFO: > GET /test/coursOC/OC-WebLinks-master/web/_profiler/wdt/86bf40 [] []
[2016-08-24 01:44:11] WebLinks.INFO: < 200 [] []
[2016-08-24 01:44:13] WebLinks.INFO: Matched route "submit". {"route_parameters":{"_controller":"WebLinks\\Controller\\HomeController::addLinkAction","_route":"submit"},"request_uri":"http://localhost:8888/test/coursOC/OC-WebLinks-master/web/link/submit"} []
[2016-08-24 01:44:13] WebLinks.INFO: > GET /test/coursOC/OC-WebLinks-master/web/link/submit [] []
[2016-08-24 01:44:14] WebLinks.INFO: < 200 [] []
[2016-08-24 01:44:14] WebLinks.INFO: Matched route "_wdt". {"route_parameters":{"_controller":"web_profiler.controller.profiler:toolbarAction","token":"469be2","_route":"_wdt"},"request_uri":"http://localhost:8888/test/coursOC/OC-WebLinks-master/web/_profiler/wdt/469be2"} []
[2016-08-24 01:44:14] WebLinks.INFO: > GET /test/coursOC/OC-WebLinks-master/web/_profiler/wdt/469be2 [] []
[2016-08-24 01:44:15] WebLinks.INFO: < 200 [] []
[2016-08-24 01:44:31] WebLinks.INFO: Matched route "submit". {"route_parameters":{"_controller":"WebLinks\\Controller\\HomeController::addLinkAction","_route":"submit"},"request_uri":"http://localhost:8888/test/coursOC/OC-WebLinks-master/web/link/submit"} []
[2016-08-24 01:44:31] WebLinks.INFO: > POST /test/coursOC/OC-WebLinks-master/web/link/submit [] []
[2016-08-24 01:44:32] WebLinks.INFO: < 200 [] []
[2016-08-24 01:44:32] WebLinks.INFO: Matched route "_wdt". {"route_parameters":{"_controller":"web_profiler.controller.profiler:toolbarAction","token":"3b78c0","_route":"_wdt"},"request_uri":"http://localhost:8888/test/coursOC/OC-WebLinks-master/web/_profiler/wdt/3b78c0"} []
[2016-08-24 01:44:32] WebLinks.INFO: > GET /test/coursOC/OC-WebLinks-master/web/_profiler/wdt/3b78c0 [] []
[2016-08-24 01:44:33] WebLinks.INFO: < 200 [] []
[2016-08-24 01:44:37] WebLinks.INFO: Matched route "home". {"route_parameters":{"_controller":"WebLinks\\Controller\\HomeController::indexAction","_route":"home"},"request_uri":"http://localhost:8888/test/coursOC/OC-WebLinks-master/web/"} []
[2016-08-24 01:44:37] WebLinks.INFO: > GET /test/coursOC/OC-WebLinks-master/web/ [] []
[2016-08-24 01:44:37] WebLinks.INFO: < 200 [] []
[2016-08-24 01:44:37] WebLinks.INFO: Matched route "_wdt". {"route_parameters":{"_controller":"web_profiler.controller.profiler:toolbarAction","token":"3ec38d","_route":"_wdt"},"request_uri":"http://localhost:8888/test/coursOC/OC-WebLinks-master/web/_profiler/wdt/3ec38d"} []
[2016-08-24 01:44:37] WebLinks.INFO: > GET /test/coursOC/OC-WebLinks-master/web/_profiler/wdt/3ec38d [] []
[2016-08-24 01:44:39] WebLinks.INFO: < 200 [] []
[2016-08-24 01:45:27] WebLinks.INFO: Matched route "admin". {"route_parameters":{"_controller":"WebLinks\\Controller\\AdminController::indexAction","_route":"admin"},"request_uri":"http://localhost:8888/test/coursOC/OC-WebLinks-master/web/admin"} []
[2016-08-24 01:45:27] WebLinks.INFO: > GET /test/coursOC/OC-WebLinks-master/web/admin [] []
[2016-08-24 01:45:27] WebLinks.INFO: < 200 [] []
[2016-08-24 01:45:27] WebLinks.INFO: Matched route "_wdt". {"route_parameters":{"_controller":"web_profiler.controller.profiler:toolbarAction","token":"053784","_route":"_wdt"},"request_uri":"http://localhost:8888/test/coursOC/OC-WebLinks-master/web/_profiler/wdt/053784"} []
[2016-08-24 01:45:27] WebLinks.INFO: > GET /test/coursOC/OC-WebLinks-master/web/_profiler/wdt/053784 [] []
[2016-08-24 01:45:28] WebLinks.INFO: < 200 [] []
[2016-08-24 01:45:30] WebLinks.INFO: Matched route "admin_link_edit". {"route_parameters":{"_controller":"WebLinks\\Controller\\AdminController::editLinkAction","id":"30","_route":"admin_link_edit"},"request_uri":"http://localhost:8888/test/coursOC/OC-WebLinks-master/web/admin/link/30/edit"} []
[2016-08-24 01:45:30] WebLinks.INFO: > GET /test/coursOC/OC-WebLinks-master/web/admin/link/30/edit [] []
[2016-08-24 01:45:31] WebLinks.INFO: < 200 [] []
[2016-08-24 01:45:31] WebLinks.INFO: Matched route "_wdt". {"route_parameters":{"_controller":"web_profiler.controller.profiler:toolbarAction","token":"03db8e","_route":"_wdt"},"request_uri":"http://localhost:8888/test/coursOC/OC-WebLinks-master/web/_profiler/wdt/03db8e"} []
[2016-08-24 01:45:31] WebLinks.INFO: > GET /test/coursOC/OC-WebLinks-master/web/_profiler/wdt/03db8e [] []
[2016-08-24 01:45:32] WebLinks.INFO: < 200 [] []
[2016-08-24 01:45:37] WebLinks.INFO: Matched route "admin_link_edit". {"route_parameters":{"_controller":"WebLinks\\Controller\\AdminController::editLinkAction","id":"30","_route":"admin_link_edit"},"request_uri":"http://localhost:8888/test/coursOC/OC-WebLinks-master/web/admin/link/30/edit"} []
[2016-08-24 01:45:37] WebLinks.INFO: > POST /test/coursOC/OC-WebLinks-master/web/admin/link/30/edit [] []
[2016-08-24 01:45:38] WebLinks.CRITICAL: Symfony\Component\Debug\Exception\ContextErrorException: Warning: Missing argument 2 for WebLinks\DAO\LinkDAO::save(), called in /Users/ismail/sites/test/coursOC/OC-WebLinks-master/src/Controller/AdminController.php on line 40 and defined (uncaught exception) at /Users/ismail/sites/test/coursOC/OC-WebLinks-master/src/DAO/LinkDAO.php line 43 {"exception":"[object] (Symfony\\Component\\Debug\\Exception\\ContextErrorException(code: 0): Warning: Missing argument 2 for WebLinks\\DAO\\LinkDAO::save(), called in /Users/ismail/sites/test/coursOC/OC-WebLinks-master/src/Controller/AdminController.php on line 40 and defined at /Users/ismail/sites/test/coursOC/OC-WebLinks-master/src/DAO/LinkDAO.php:43)"} []
[2016-08-24 01:45:38] WebLinks.INFO: < 500 [] []
[2016-08-24 01:45:38] WebLinks.INFO: Matched route "_wdt". {"route_parameters":{"_controller":"web_profiler.controller.profiler:toolbarAction","token":"83446e","_route":"_wdt"},"request_uri":"http://localhost:8888/test/coursOC/OC-WebLinks-master/web/_profiler/wdt/83446e"} []
[2016-08-24 01:45:38] WebLinks.INFO: > GET /test/coursOC/OC-WebLinks-master/web/_profiler/wdt/83446e [] []
[2016-08-24 01:45:39] WebLinks.INFO: < 200 [] []
[2016-08-24 01:46:42] WebLinks.INFO: Matched route "admin_link_edit". {"route_parameters":{"_controller":"WebLinks\\Controller\\AdminController::editLinkAction","id":"30","_route":"admin_link_edit"},"request_uri":"http://localhost:8888/test/coursOC/OC-WebLinks-master/web/admin/link/30/edit"} []
[2016-08-24 01:46:43] WebLinks.INFO: > POST /test/coursOC/OC-WebLinks-master/web/admin/link/30/edit [] []
[2016-08-24 01:46:43] WebLinks.INFO: < 200 [] []
[2016-08-24 01:46:43] WebLinks.INFO: Matched route "_wdt". {"route_parameters":{"_controller":"web_profiler.controller.profiler:toolbarAction","token":"8d9349","_route":"_wdt"},"request_uri":"http://localhost:8888/test/coursOC/OC-WebLinks-master/web/_profiler/wdt/8d9349"} []
[2016-08-24 01:46:43] WebLinks.INFO: > GET /test/coursOC/OC-WebLinks-master/web/_profiler/wdt/8d9349 [] []
[2016-08-24 01:46:44] WebLinks.INFO: < 200 [] []
[2016-08-24 01:46:48] WebLinks.INFO: Matched route "logout". {"route_parameters":{"_controller":null,"_route":"logout"},"request_uri":"http://localhost:8888/test/coursOC/OC-WebLinks-master/web/logout"} []
[2016-08-24 01:46:48] WebLinks.INFO: < 302 http://localhost:8888/test/coursOC/OC-WebLinks-master/web/ [] []
[2016-08-24 01:46:48] WebLinks.INFO: Matched route "home". {"route_parameters":{"_controller":"WebLinks\\Controller\\HomeController::indexAction","_route":"home"},"request_uri":"http://localhost:8888/test/coursOC/OC-WebLinks-master/web/"} []
[2016-08-24 01:46:48] WebLinks.INFO: Populated the TokenStorage with an anonymous Token. [] []
[2016-08-24 01:46:48] WebLinks.INFO: > GET /test/coursOC/OC-WebLinks-master/web/ [] []
[2016-08-24 01:46:48] WebLinks.INFO: < 200 [] []
[2016-08-24 01:46:48] WebLinks.INFO: Matched route "_wdt". {"route_parameters":{"_controller":"web_profiler.controller.profiler:toolbarAction","token":"8eda79","_route":"_wdt"},"request_uri":"http://localhost:8888/test/coursOC/OC-WebLinks-master/web/_profiler/wdt/8eda79"} []
[2016-08-24 01:46:48] WebLinks.INFO: Populated the TokenStorage with an anonymous Token. [] []
[2016-08-24 01:46:48] WebLinks.INFO: > GET /test/coursOC/OC-WebLinks-master/web/_profiler/wdt/8eda79 [] []
[2016-08-24 01:46:49] WebLinks.INFO: < 200 [] []
[2016-08-24 02:02:34] WebLinks.INFO: Matched route "admin". {"route_parameters":{"_controller":"WebLinks\\Controller\\AdminController::indexAction","_route":"admin"},"request_uri":"http://localhost:8888/test/coursOC/OC-WebLinks-master/web/admin"} []
[2016-08-24 02:02:34] WebLinks.INFO: > GET /test/coursOC/OC-WebLinks-master/web/admin [] []
[2016-08-24 02:02:34] WebLinks.INFO: < 200 [] []
[2016-08-24 02:02:34] WebLinks.INFO: Matched route "_wdt". {"route_parameters":{"_controller":"web_profiler.controller.profiler:toolbarAction","token":"6d6d85","_route":"_wdt"},"request_uri":"http://localhost:8888/test/coursOC/OC-WebLinks-master/web/_profiler/wdt/6d6d85"} []
[2016-08-24 02:02:34] WebLinks.INFO: > GET /test/coursOC/OC-WebLinks-master/web/_profiler/wdt/6d6d85 [] []
[2016-08-24 02:02:35] WebLinks.INFO: < 200 [] []
[2016-08-24 02:03:19] WebLinks.INFO: Matched route "admin". {"route_parameters":{"_controller":"WebLinks\\Controller\\AdminController::indexAction","_route":"admin"},"request_uri":"http://localhost:8888/test/coursOC/OC-WebLinks-master/web/admin"} []
[2016-08-24 02:03:19] WebLinks.INFO: > GET /test/coursOC/OC-WebLinks-master/web/admin [] []
[2016-08-24 02:03:19] WebLinks.INFO: < 200 [] []
[2016-08-24 02:03:19] WebLinks.INFO: Matched route "_wdt". {"route_parameters":{"_controller":"web_profiler.controller.profiler:toolbarAction","token":"115071","_route":"_wdt"},"request_uri":"http://localhost:8888/test/coursOC/OC-WebLinks-master/web/_profiler/wdt/115071"} []
[2016-08-24 02:03:19] WebLinks.INFO: > GET /test/coursOC/OC-WebLinks-master/web/_profiler/wdt/115071 [] []
[2016-08-24 02:03:20] WebLinks.INFO: < 200 [] []
[2016-08-24 02:04:14] WebLinks.INFO: Matched route "admin". {"route_parameters":{"_controller":"WebLinks\\Controller\\AdminController::indexAction","_route":"admin"},"request_uri":"http://localhost:8888/test/coursOC/OC-WebLinks-master/web/admin"} []
[2016-08-24 02:04:14] WebLinks.INFO: > GET /test/coursOC/OC-WebLinks-master/web/admin [] []
[2016-08-24 02:04:14] WebLinks.INFO: < 200 [] []
[2016-08-24 02:04:15] WebLinks.INFO: Matched route "_wdt". {"route_parameters":{"_controller":"web_profiler.controller.profiler:toolbarAction","token":"3c4ada","_route":"_wdt"},"request_uri":"http://localhost:8888/test/coursOC/OC-WebLinks-master/web/_profiler/wdt/3c4ada"} []
[2016-08-24 02:04:15] WebLinks.INFO: > GET /test/coursOC/OC-WebLinks-master/web/_profiler/wdt/3c4ada [] []
[2016-08-24 02:04:16] WebLinks.INFO: < 200 [] []
[2016-08-24 02:16:46] WebLinks.INFO: Matched route "admin". {"route_parameters":{"_controller":"WebLinks\\Controller\\AdminController::indexAction","_route":"admin"},"request_uri":"http://localhost:8888/test/coursOC/OC-WebLinks-master/web/admin"} []
[2016-08-24 02:16:46] WebLinks.INFO: > GET /test/coursOC/OC-WebLinks-master/web/admin [] []
[2016-08-24 02:17:05] WebLinks.INFO: Matched route "admin". {"route_parameters":{"_controller":"WebLinks\\Controller\\AdminController::indexAction","_route":"admin"},"request_uri":"http://localhost:8888/test/coursOC/OC-WebLinks-master/web/admin"} []
[2016-08-24 02:17:05] WebLinks.INFO: > GET /test/coursOC/OC-WebLinks-master/web/admin [] []
[2016-08-24 02:18:22] WebLinks.INFO: Matched route "admin". {"route_parameters":{"_controller":"WebLinks\\Controller\\AdminController::indexAction","_route":"admin"},"request_uri":"http://localhost:8888/test/coursOC/OC-WebLinks-master/web/admin"} []
[2016-08-24 02:18:22] WebLinks.INFO: > GET /test/coursOC/OC-WebLinks-master/web/admin [] []
[2016-08-24 02:18:42] WebLinks.INFO: Matched route "admin". {"route_parameters":{"_controller":"WebLinks\\Controller\\AdminController::indexAction","_route":"admin"},"request_uri":"http://localhost:8888/test/coursOC/OC-WebLinks-master/web/admin"} []
[2016-08-24 02:18:42] WebLinks.INFO: > GET /test/coursOC/OC-WebLinks-master/web/admin [] []
[2016-08-24 02:18:42] WebLinks.INFO: < 200 [] []
[2016-08-24 02:18:43] WebLinks.INFO: Matched route "_wdt". {"route_parameters":{"_controller":"web_profiler.controller.profiler:toolbarAction","token":"0fa1cd","_route":"_wdt"},"request_uri":"http://localhost:8888/test/coursOC/OC-WebLinks-master/web/_profiler/wdt/0fa1cd"} []
[2016-08-24 02:18:43] WebLinks.INFO: > GET /test/coursOC/OC-WebLinks-master/web/_profiler/wdt/0fa1cd [] []
[2016-08-24 02:18:44] WebLinks.INFO: < 200 [] []
[2016-08-24 02:21:39] WebLinks.INFO: Matched route "admin". {"route_parameters":{"_controller":"WebLinks\\Controller\\AdminController::indexAction","_route":"admin"},"request_uri":"http://localhost:8888/test/coursOC/OC-WebLinks-master/web/admin"} []
[2016-08-24 02:21:39] WebLinks.INFO: > GET /test/coursOC/OC-WebLinks-master/web/admin [] []
[2016-08-24 02:21:40] WebLinks.INFO: < 200 [] []
[2016-08-24 02:21:40] WebLinks.INFO: Matched route "_wdt". {"route_parameters":{"_controller":"web_profiler.controller.profiler:toolbarAction","token":"eb138f","_route":"_wdt"},"request_uri":"http://localhost:8888/test/coursOC/OC-WebLinks-master/web/_profiler/wdt/eb138f"} []
[2016-08-24 02:21:40] WebLinks.INFO: > GET /test/coursOC/OC-WebLinks-master/web/_profiler/wdt/eb138f [] []
[2016-08-24 02:21:41] WebLinks.INFO: < 200 [] []
[2016-08-24 02:22:06] WebLinks.INFO: Matched route "home". {"route_parameters":{"_controller":"WebLinks\\Controller\\HomeController::indexAction","_route":"home"},"request_uri":"http://localhost:8888/test/coursOC/OC-WebLinks-master/web/"} []
[2016-08-24 02:22:06] WebLinks.INFO: > GET /test/coursOC/OC-WebLinks-master/web/ [] []
[2016-08-24 02:22:06] WebLinks.INFO: < 200 [] []
[2016-08-24 02:22:07] WebLinks.INFO: Matched route "_wdt". {"route_parameters":{"_controller":"web_profiler.controller.profiler:toolbarAction","token":"53685d","_route":"_wdt"},"request_uri":"http://localhost:8888/test/coursOC/OC-WebLinks-master/web/_profiler/wdt/53685d"} []
[2016-08-24 02:22:07] WebLinks.INFO: > GET /test/coursOC/OC-WebLinks-master/web/_profiler/wdt/53685d [] []
[2016-08-24 02:22:08] WebLinks.INFO: < 200 [] []
[2016-08-24 02:23:16] WebLinks.INFO: Matched route "home". {"route_parameters":{"_controller":"WebLinks\\Controller\\HomeController::indexAction","_route":"home"},"request_uri":"http://localhost:8888/test/coursOC/OC-WebLinks-master/web/"} []
[2016-08-24 02:23:16] WebLinks.INFO: > GET /test/coursOC/OC-WebLinks-master/web/ [] []
[2016-08-24 02:23:16] WebLinks.INFO: < 200 [] []
[2016-08-24 02:23:17] WebLinks.INFO: Matched route "_wdt". {"route_parameters":{"_controller":"web_profiler.controller.profiler:toolbarAction","token":"5ba9a2","_route":"_wdt"},"request_uri":"http://localhost:8888/test/coursOC/OC-WebLinks-master/web/_profiler/wdt/5ba9a2"} []
[2016-08-24 02:23:17] WebLinks.INFO: > GET /test/coursOC/OC-WebLinks-master/web/_profiler/wdt/5ba9a2 [] []
[2016-08-24 02:23:18] WebLinks.INFO: < 200 [] []
